#
# There is insufficient memory for the Java Runtime Environment to continue.
# Native memory allocation (mmap) failed to map 74448896 bytes for G1 virtual space
# Possible reasons:
#   The system is out of physical RAM or swap space
#   The process is running with CompressedOops enabled, and the Java Heap may be blocking the growth of the native heap
# Possible solutions:
#   Reduce memory load on the system
#   Increase physical memory or swap space
#   Check if swap backing store is full
#   Decrease Java heap size (-Xmx/-Xms)
#   Decrease number of Java threads
#   Decrease Java thread stack sizes (-Xss)
#   Set larger code cache with -XX:ReservedCodeCacheSize=
#   JVM is running with Unscaled Compressed Oops mode in which the Java heap is
#     placed in the first 4GB address space. The Java Heap base address is the
#     maximum limit for the native heap growth. Please use -XX:HeapBaseMinAddress
#     to set the Java Heap base and to place the Java Heap above 4GB virtual address.
# This output file may be truncated or incomplete.
#
#  Out of Memory Error (os_windows.cpp:3769), pid=11392, tid=8736
#
# JRE version: OpenJDK Runtime Environment (17.0.6) (build 17.0.6+0-b2043.56-9586694)
# Java VM: OpenJDK 64-Bit Server VM (17.0.6+0-b2043.56-9586694, mixed mode, tiered, compressed oops, compressed class ptrs, g1 gc, windows-amd64)
# No core dump will be written. Minidumps are not enabled by default on client versions of Windows
#

---------------  S U M M A R Y ------------

Command Line: --add-opens=java.base/java.util=ALL-UNNAMED --add-opens=java.base/java.lang=ALL-UNNAMED --add-opens=java.base/java.lang.invoke=ALL-UNNAMED --add-opens=java.prefs/java.util.prefs=ALL-UNNAMED --add-opens=java.base/java.nio.charset=ALL-UNNAMED --add-opens=java.base/java.net=ALL-UNNAMED --add-opens=java.base/java.util.concurrent.atomic=ALL-UNNAMED -Xmx2048m -Dfile.encoding=UTF-8 -Duser.country=US -Duser.language=en -Duser.variant org.gradle.launcher.daemon.bootstrap.GradleDaemon 8.0

Host: Intel(R) Core(TM) i5-4200M CPU @ 2.50GHz, 4 cores, 15G,  Windows 10 , 64 bit Build 19041 (10.0.19041.3393)
Time: Thu Sep 21 23:02:30 2023 Azerbaijan Standard Time elapsed time: 168.004675 seconds (0d 0h 2m 48s)

---------------  T H R E A D  ---------------

Current thread (0x0000016035157d30):  VMThread "VM Thread" [stack: 0x00000011a4000000,0x00000011a4100000] [id=8736]

Stack: [0x00000011a4000000,0x00000011a4100000]
Native frames: (J=compiled Java code, j=interpreted, Vv=VM code, C=native code)
V  [jvm.dll+0x683b4a]
V  [jvm.dll+0x842654]
V  [jvm.dll+0x843dfe]
V  [jvm.dll+0x844463]
V  [jvm.dll+0x249b75]
V  [jvm.dll+0x680a19]
V  [jvm.dll+0x674f0a]
V  [jvm.dll+0x309acb]
V  [jvm.dll+0x310f86]
V  [jvm.dll+0x3608ee]
V  [jvm.dll+0x360b1f]
V  [jvm.dll+0x2dfbf8]
V  [jvm.dll+0x2ddec4]
V  [jvm.dll+0x2dd4cc]
V  [jvm.dll+0x321f3b]
V  [jvm.dll+0x84893b]
V  [jvm.dll+0x849674]
V  [jvm.dll+0x849b8d]
V  [jvm.dll+0x849f64]
V  [jvm.dll+0x84a030]
V  [jvm.dll+0x7f25fa]
V  [jvm.dll+0x682985]
C  [ucrtbase.dll+0x21bb2]
C  [KERNEL32.DLL+0x17344]
C  [ntdll.dll+0x526b1]

VM_Operation (0x00000011aa6fd8e0): G1CollectForAllocation, mode: safepoint, requested by thread 0x00000160407b0820


---------------  P R O C E S S  ---------------

Threads class SMR info:
_java_thread_list=0x000001603fc85060, length=100, elements={
0x0000016019aabda0, 0x00000160351594a0, 0x0000016035c3c7b0, 0x0000016035c27860,
0x0000016035c29130, 0x0000016035c299f0, 0x0000016035c66410, 0x0000016035c67000,
0x000001603515e440, 0x000001603515e950, 0x0000016035dd85c0, 0x0000016035df1280,
0x00000160383a4a90, 0x00000160373c2030, 0x000001603753d010, 0x00000160385ed880,
0x000001603644d2b0, 0x00000160372f3100, 0x00000160372f35d0, 0x00000160372f00e0,
0x00000160372f1dc0, 0x00000160372f18f0, 0x00000160372f0f50, 0x0000016036cf08c0,
0x0000016036cf6900, 0x0000016036cf2f40, 0x0000016036cefa50, 0x0000016036cf4280,
0x0000016038934520, 0x000001603b105db0, 0x000001603b108dd0, 0x00000160376ce3a0,
0x00000160376d0ef0, 0x00000160376cf6e0, 0x00000160376cded0, 0x00000160376cd060,
0x00000160376cda00, 0x00000160376ced40, 0x00000160376cfbb0, 0x00000160376d0080,
0x00000160376d0550, 0x00000160376d1890, 0x00000160376d2bd0, 0x00000160376d3570,
0x00000160376d0a20, 0x00000160376d3f10, 0x00000160376d2230, 0x00000160376d2700,
0x00000160376d30a0, 0x00000160376d3a40, 0x0000016036cf4750, 0x0000016036cf20d0,
0x0000016036cf0d90, 0x0000016036cf50f0, 0x0000016036cf1260, 0x0000016036cf1730,
0x0000016036cf6dd0, 0x0000016036cf1c00, 0x0000016036cef580, 0x0000016036cf25a0,
0x0000016036cf2a70, 0x0000016036cf3410, 0x000001603b10b920, 0x000001603b1040d0,
0x000001603b104f40, 0x000001603b107f60, 0x000001603b105410, 0x000001603b1092a0,
0x000001603b1070f0, 0x000001603b108900, 0x000001603b109770, 0x000001603b1075c0,
0x000001603b109c40, 0x0000016038934ec0, 0x0000016038935390, 0x0000016038935860,
0x0000016038936ba0, 0x0000016038937a10, 0x0000016038936200, 0x0000016038937070,
0x0000016038937540, 0x00000160372f2c30, 0x00000160372f1420, 0x00000160372f0a80,
0x000001603b10aab0, 0x000001603b10b450, 0x000001603eb156e0, 0x000001603eb143a0,
0x000001603eb13060, 0x000001603eb13ed0, 0x000001603eb16a20, 0x00000160407b6860,
0x00000160407b0cf0, 0x00000160407b59f0, 0x00000160407b3370, 0x00000160407b11c0,
0x00000160407b5ec0, 0x00000160407b0820, 0x00000160407b1b60, 0x00000160362928e0
}

Java Threads: ( => current thread )
  0x0000016019aabda0 JavaThread "main" [_thread_blocked, id=10776, stack(0x00000011a3a00000,0x00000011a3b00000)]
  0x00000160351594a0 JavaThread "Reference Handler" daemon [_thread_blocked, id=5700, stack(0x00000011a4100000,0x00000011a4200000)]
  0x0000016035c3c7b0 JavaThread "Finalizer" daemon [_thread_blocked, id=12772, stack(0x00000011a4200000,0x00000011a4300000)]
  0x0000016035c27860 JavaThread "Signal Dispatcher" daemon [_thread_blocked, id=5040, stack(0x00000011a4300000,0x00000011a4400000)]
  0x0000016035c29130 JavaThread "Attach Listener" daemon [_thread_blocked, id=13504, stack(0x00000011a4400000,0x00000011a4500000)]
  0x0000016035c299f0 JavaThread "Service Thread" daemon [_thread_blocked, id=11576, stack(0x00000011a4500000,0x00000011a4600000)]
  0x0000016035c66410 JavaThread "Monitor Deflation Thread" daemon [_thread_blocked, id=13084, stack(0x00000011a4600000,0x00000011a4700000)]
  0x0000016035c67000 JavaThread "C2 CompilerThread0" daemon [_thread_in_native, id=14548, stack(0x00000011a4700000,0x00000011a4800000)]
  0x000001603515e440 JavaThread "C1 CompilerThread0" daemon [_thread_blocked, id=11204, stack(0x00000011a4800000,0x00000011a4900000)]
  0x000001603515e950 JavaThread "Sweeper thread" daemon [_thread_blocked, id=14032, stack(0x00000011a4900000,0x00000011a4a00000)]
  0x0000016035dd85c0 JavaThread "Common-Cleaner" daemon [_thread_blocked, id=3512, stack(0x00000011a4a00000,0x00000011a4b00000)]
  0x0000016035df1280 JavaThread "Notification Thread" daemon [_thread_blocked, id=1088, stack(0x00000011a4b00000,0x00000011a4c00000)]
  0x00000160383a4a90 JavaThread "Daemon health stats" [_thread_blocked, id=10888, stack(0x00000011a5100000,0x00000011a5200000)]
  0x00000160373c2030 JavaThread "Incoming local TCP Connector on port 59352" [_thread_in_native, id=14896, stack(0x00000011a4d00000,0x00000011a4e00000)]
  0x000001603753d010 JavaThread "Daemon periodic checks" [_thread_blocked, id=6624, stack(0x00000011a5200000,0x00000011a5300000)]
  0x00000160385ed880 JavaThread "Daemon" [_thread_blocked, id=5188, stack(0x00000011a5300000,0x00000011a5400000)]
  0x000001603644d2b0 JavaThread "Daemon worker" [_thread_blocked, id=11472, stack(0x00000011a5600000,0x00000011a5700000)]
  0x00000160372f3100 JavaThread "Cache worker for journal cache (C:\Users\User\.gradle\caches\journal-1)" [_thread_blocked, id=7436, stack(0x00000011a5a00000,0x00000011a5b00000)]
  0x00000160372f35d0 JavaThread "File lock request listener" [_thread_in_native, id=9088, stack(0x00000011a5b00000,0x00000011a5c00000)]
  0x00000160372f00e0 JavaThread "Cache worker for file hash cache (C:\Users\User\.gradle\caches\8.0\fileHashes)" [_thread_blocked, id=456, stack(0x00000011a5d00000,0x00000011a5e00000)]
  0x00000160372f1dc0 JavaThread "File watcher server" daemon [_thread_blocked, id=2312, stack(0x00000011a5c00000,0x00000011a5d00000)]
  0x00000160372f18f0 JavaThread "File watcher consumer" daemon [_thread_blocked, id=8832, stack(0x00000011a5e00000,0x00000011a5f00000)]
  0x00000160372f0f50 JavaThread "Cache worker for file content cache (C:\Users\User\.gradle\caches\8.0\fileContent)" [_thread_blocked, id=11504, stack(0x00000011a6200000,0x00000011a6300000)]
  0x0000016036cf08c0 JavaThread "Cache worker for execution history cache (C:\Users\User\.gradle\caches\8.0\executionHistory)" [_thread_blocked, id=9220, stack(0x00000011a6400000,0x00000011a6500000)]
  0x0000016036cf6900 JavaThread "jar transforms" [_thread_blocked, id=10168, stack(0x00000011a6500000,0x00000011a6600000)]
  0x0000016036cf2f40 JavaThread "jar transforms Thread 2" [_thread_blocked, id=13656, stack(0x00000011a6700000,0x00000011a6800000)]
  0x0000016036cefa50 JavaThread "jar transforms Thread 3" [_thread_blocked, id=9108, stack(0x00000011a6600000,0x00000011a6700000)]
  0x0000016036cf4280 JavaThread "jar transforms Thread 4" [_thread_blocked, id=13776, stack(0x00000011a6a00000,0x00000011a6b00000)]
  0x0000016038934520 JavaThread "Memory manager" [_thread_blocked, id=13496, stack(0x00000011a9600000,0x00000011a9700000)]
  0x000001603b105db0 JavaThread "ForkJoinPool.commonPool-worker-1" daemon [_thread_blocked, id=7460, stack(0x00000011aa000000,0x00000011aa100000)]
  0x000001603b108dd0 JavaThread "ForkJoinPool.commonPool-worker-3" daemon [_thread_blocked, id=2980, stack(0x00000011aa200000,0x00000011aa300000)]
  0x00000160376ce3a0 JavaThread "Handler for socket connection from /127.0.0.1:59352 to /127.0.0.1:59479" [_thread_in_native, id=3780, stack(0x00000011a3700000,0x00000011a3800000)]
  0x00000160376d0ef0 JavaThread "Cancel handler" [_thread_blocked, id=8436, stack(0x00000011a3800000,0x00000011a3900000)]
  0x00000160376cf6e0 JavaThread "Asynchronous log dispatcher for DefaultDaemonConnection: socket connection from /127.0.0.1:59352 to /127.0.0.1:59479" [_thread_blocked, id=9772, stack(0x00000011a3900000,0x00000011a3a00000)]
  0x00000160376cded0 JavaThread "Stdin handler" [_thread_blocked, id=15600, stack(0x00000011a5400000,0x00000011a5500000)]
  0x00000160376cd060 JavaThread "Daemon client event forwarder" [_thread_blocked, id=12992, stack(0x00000011a5500000,0x00000011a5600000)]
  0x00000160376cda00 JavaThread "Cache worker for checksums cache (C:\Users\User\AndroidStudioProjects\CalculatorApp\.gradle\8.0\checksums)" [_thread_blocked, id=16112, stack(0x00000011a5700000,0x00000011a5800000)]
  0x00000160376ced40 JavaThread "Cache worker for cache directory md-rule (C:\Users\User\.gradle\caches\8.0\md-rule)" [_thread_blocked, id=14276, stack(0x00000011a5800000,0x00000011a5900000)]
  0x00000160376cfbb0 JavaThread "Cache worker for file hash cache (C:\Users\User\AndroidStudioProjects\CalculatorApp\.gradle\8.0\fileHashes)" [_thread_blocked, id=15644, stack(0x00000011a5900000,0x00000011a5a00000)]
  0x00000160376d0080 JavaThread "Cache worker for cache directory md-supplier (C:\Users\User\.gradle\caches\8.0\md-supplier)" [_thread_blocked, id=14676, stack(0x00000011a5f00000,0x00000011a6000000)]
  0x00000160376d0550 JavaThread "Cache worker for dependencies-accessors (C:\Users\User\AndroidStudioProjects\CalculatorApp\.gradle\8.0\dependencies-accessors)" [_thread_blocked, id=5412, stack(0x00000011a6000000,0x00000011a6100000)]
  0x00000160376d1890 JavaThread "Cache worker for Build Output Cleanup Cache (C:\Users\User\AndroidStudioProjects\CalculatorApp\.gradle\buildOutputCleanup)" [_thread_blocked, id=15652, stack(0x00000011a6100000,0x00000011a6200000)]
  0x00000160376d2bd0 JavaThread "Unconstrained build operations" [_thread_blocked, id=9700, stack(0x00000011a6300000,0x00000011a6400000)]
  0x00000160376d3570 JavaThread "Unconstrained build operations Thread 2" [_thread_blocked, id=13572, stack(0x00000011a6900000,0x00000011a6a00000)]
  0x00000160376d0a20 JavaThread "Unconstrained build operations Thread 3" [_thread_blocked, id=16108, stack(0x00000011a6b00000,0x00000011a6c00000)]
  0x00000160376d3f10 JavaThread "Unconstrained build operations Thread 4" [_thread_blocked, id=15276, stack(0x00000011a6d00000,0x00000011a6e00000)]
  0x00000160376d2230 JavaThread "Unconstrained build operations Thread 5" [_thread_blocked, id=9680, stack(0x00000011a6e00000,0x00000011a6f00000)]
  0x00000160376d2700 JavaThread "Unconstrained build operations Thread 6" [_thread_blocked, id=892, stack(0x00000011a6f00000,0x00000011a7000000)]
  0x00000160376d30a0 JavaThread "Unconstrained build operations Thread 7" [_thread_blocked, id=9612, stack(0x00000011a7000000,0x00000011a7100000)]
  0x00000160376d3a40 JavaThread "Unconstrained build operations Thread 8" [_thread_blocked, id=15976, stack(0x00000011a7100000,0x00000011a7200000)]
  0x0000016036cf4750 JavaThread "Unconstrained build operations Thread 9" [_thread_blocked, id=7500, stack(0x00000011a7200000,0x00000011a7300000)]
  0x0000016036cf20d0 JavaThread "Unconstrained build operations Thread 10" [_thread_blocked, id=9268, stack(0x00000011a7300000,0x00000011a7400000)]
  0x0000016036cf0d90 JavaThread "Unconstrained build operations Thread 11" [_thread_blocked, id=8248, stack(0x00000011a7400000,0x00000011a7500000)]
  0x0000016036cf50f0 JavaThread "Unconstrained build operations Thread 12" [_thread_blocked, id=14316, stack(0x00000011a7500000,0x00000011a7600000)]
  0x0000016036cf1260 JavaThread "Unconstrained build operations Thread 13" [_thread_blocked, id=11232, stack(0x00000011a7600000,0x00000011a7700000)]
  0x0000016036cf1730 JavaThread "Unconstrained build operations Thread 14" [_thread_blocked, id=13016, stack(0x00000011a7700000,0x00000011a7800000)]
  0x0000016036cf6dd0 JavaThread "Unconstrained build operations Thread 15" [_thread_blocked, id=5704, stack(0x00000011a7800000,0x00000011a7900000)]
  0x0000016036cf1c00 JavaThread "Unconstrained build operations Thread 16" [_thread_blocked, id=11132, stack(0x00000011a7900000,0x00000011a7a00000)]
  0x0000016036cef580 JavaThread "Unconstrained build operations Thread 17" [_thread_blocked, id=12664, stack(0x00000011a7a00000,0x00000011a7b00000)]
  0x0000016036cf25a0 JavaThread "Unconstrained build operations Thread 18" [_thread_blocked, id=3080, stack(0x00000011a7b00000,0x00000011a7c00000)]
  0x0000016036cf2a70 JavaThread "Unconstrained build operations Thread 19" [_thread_blocked, id=9272, stack(0x00000011a7c00000,0x00000011a7d00000)]
  0x0000016036cf3410 JavaThread "Unconstrained build operations Thread 20" [_thread_blocked, id=15940, stack(0x00000011a7d00000,0x00000011a7e00000)]
  0x000001603b10b920 JavaThread "Unconstrained build operations Thread 21" [_thread_blocked, id=2112, stack(0x00000011a7e00000,0x00000011a7f00000)]
  0x000001603b1040d0 JavaThread "Unconstrained build operations Thread 22" [_thread_blocked, id=14260, stack(0x00000011a7f00000,0x00000011a8000000)]
  0x000001603b104f40 JavaThread "Unconstrained build operations Thread 23" [_thread_blocked, id=15164, stack(0x00000011a8000000,0x00000011a8100000)]
  0x000001603b107f60 JavaThread "Unconstrained build operations Thread 24" [_thread_blocked, id=6748, stack(0x00000011a8100000,0x00000011a8200000)]
  0x000001603b105410 JavaThread "Unconstrained build operations Thread 25" [_thread_blocked, id=10488, stack(0x00000011a8200000,0x00000011a8300000)]
  0x000001603b1092a0 JavaThread "Unconstrained build operations Thread 26" [_thread_blocked, id=8924, stack(0x00000011a8300000,0x00000011a8400000)]
  0x000001603b1070f0 JavaThread "Unconstrained build operations Thread 27" [_thread_blocked, id=15436, stack(0x00000011a8400000,0x00000011a8500000)]
  0x000001603b108900 JavaThread "Unconstrained build operations Thread 28" [_thread_blocked, id=232, stack(0x00000011a8500000,0x00000011a8600000)]
  0x000001603b109770 JavaThread "Unconstrained build operations Thread 29" [_thread_blocked, id=9060, stack(0x00000011a8600000,0x00000011a8700000)]
  0x000001603b1075c0 JavaThread "Unconstrained build operations Thread 30" [_thread_blocked, id=7492, stack(0x00000011a8700000,0x00000011a8800000)]
  0x000001603b109c40 JavaThread "Unconstrained build operations Thread 31" [_thread_blocked, id=15684, stack(0x00000011a8800000,0x00000011a8900000)]
  0x0000016038934ec0 JavaThread "Unconstrained build operations Thread 32" [_thread_blocked, id=10872, stack(0x00000011a8900000,0x00000011a8a00000)]
  0x0000016038935390 JavaThread "Unconstrained build operations Thread 33" [_thread_blocked, id=10696, stack(0x00000011a8a00000,0x00000011a8b00000)]
  0x0000016038935860 JavaThread "Unconstrained build operations Thread 34" [_thread_blocked, id=12180, stack(0x00000011a8b00000,0x00000011a8c00000)]
  0x0000016038936ba0 JavaThread "Unconstrained build operations Thread 35" [_thread_blocked, id=1040, stack(0x00000011a8c00000,0x00000011a8d00000)]
  0x0000016038937a10 JavaThread "Unconstrained build operations Thread 36" [_thread_blocked, id=4704, stack(0x00000011a8d00000,0x00000011a8e00000)]
  0x0000016038936200 JavaThread "Unconstrained build operations Thread 37" [_thread_blocked, id=13632, stack(0x00000011a8e00000,0x00000011a8f00000)]
  0x0000016038937070 JavaThread "Unconstrained build operations Thread 38" [_thread_blocked, id=2740, stack(0x00000011a8f00000,0x00000011a9000000)]
  0x0000016038937540 JavaThread "Unconstrained build operations Thread 39" [_thread_blocked, id=8944, stack(0x00000011a9000000,0x00000011a9100000)]
  0x00000160372f2c30 JavaThread "Unconstrained build operations Thread 40" [_thread_blocked, id=5012, stack(0x00000011a9100000,0x00000011a9200000)]
  0x00000160372f1420 JavaThread "build event listener" [_thread_blocked, id=5368, stack(0x00000011a9200000,0x00000011a9300000)]
  0x00000160372f0a80 JavaThread "included builds" [_thread_blocked, id=4248, stack(0x00000011a9300000,0x00000011a9400000)]
  0x000001603b10aab0 JavaThread "Execution worker" [_thread_blocked, id=15732, stack(0x00000011a9500000,0x00000011a9600000)]
  0x000001603b10b450 JavaThread "Execution worker Thread 2" [_thread_blocked, id=1640, stack(0x00000011a9800000,0x00000011a9900000)]
  0x000001603eb156e0 JavaThread "Execution worker Thread 3" [_thread_blocked, id=11452, stack(0x00000011a9900000,0x00000011a9a00000)]
  0x000001603eb143a0 JavaThread "Cache worker for execution history cache (C:\Users\User\AndroidStudioProjects\CalculatorApp\.gradle\8.0\executionHistory)" [_thread_blocked, id=13688, stack(0x00000011a9a00000,0x00000011a9b00000)]
  0x000001603eb13060 JavaThread "WorkerExecutor Queue" [_thread_blocked, id=11648, stack(0x00000011a9c00000,0x00000011a9d00000)]
  0x000001603eb13ed0 JavaThread "WorkerExecutor Queue Thread 3" [_thread_blocked, id=12320, stack(0x00000011a9d00000,0x00000011a9e00000)]
  0x000001603eb16a20 JavaThread "WorkerExecutor Queue Thread 4" [_thread_blocked, id=11636, stack(0x00000011a9f00000,0x00000011aa000000)]
  0x00000160407b6860 JavaThread "WorkerExecutor Queue Thread 5" [_thread_blocked, id=8560, stack(0x00000011aa300000,0x00000011aa400000)]
  0x00000160407b0cf0 JavaThread "pool-7-thread-1" [_thread_blocked, id=3764, stack(0x00000011a6c00000,0x00000011a6d00000)]
  0x00000160407b59f0 JavaThread "stderr" [_thread_in_native, id=14128, stack(0x00000011aa400000,0x00000011aa500000)]
  0x00000160407b3370 JavaThread "stdout" [_thread_in_native, id=13660, stack(0x00000011aa500000,0x00000011aa600000)]
  0x00000160407b11c0 JavaThread "ForkJoinPool-1-worker-1" daemon [_thread_blocked, id=8920, stack(0x00000011a9400000,0x00000011a9500000)]
  0x00000160407b5ec0 JavaThread "ForkJoinPool-1-worker-2" daemon [_thread_blocked, id=13912, stack(0x00000011a9b00000,0x00000011a9c00000)]
  0x00000160407b0820 JavaThread "ForkJoinPool-1-worker-3" daemon [_thread_blocked, id=4468, stack(0x00000011aa600000,0x00000011aa700000)]
  0x00000160407b1b60 JavaThread "ForkJoinPool-1-worker-4" daemon [_thread_blocked, id=15580, stack(0x00000011aa700000,0x00000011aa800000)]
  0x00000160362928e0 JavaThread "C2 CompilerThread1" daemon [_thread_blocked, id=12060, stack(0x00000011aa800000,0x00000011aa900000)]

Other Threads:
=>0x0000016035157d30 VMThread "VM Thread" [stack: 0x00000011a4000000,0x00000011a4100000] [id=8736]
  0x0000016035dd7ea0 WatcherThread [stack: 0x00000011a4c00000,0x00000011a4d00000] [id=15112]
  0x0000016019c29fb0 GCTaskThread "GC Thread#0" [stack: 0x00000011a3b00000,0x00000011a3c00000] [id=3152]
  0x0000016036094360 GCTaskThread "GC Thread#1" [stack: 0x00000011a4e00000,0x00000011a4f00000] [id=8648]
  0x00000160361f9540 GCTaskThread "GC Thread#2" [stack: 0x00000011a4f00000,0x00000011a5000000] [id=14716]
  0x00000160365e4690 GCTaskThread "GC Thread#3" [stack: 0x00000011a5000000,0x00000011a5100000] [id=14300]
  0x0000016019c3ae00 ConcurrentGCThread "G1 Main Marker" [stack: 0x00000011a3c00000,0x00000011a3d00000] [id=10992]
  0x0000016019c3b720 ConcurrentGCThread "G1 Conc#0" [stack: 0x00000011a3d00000,0x00000011a3e00000] [id=11148]
  0x0000016019c9d680 ConcurrentGCThread "G1 Refine#0" [stack: 0x00000011a3e00000,0x00000011a3f00000] [id=13708]
  0x0000016036cfbe70 ConcurrentGCThread "G1 Refine#1" [stack: 0x00000011a6800000,0x00000011a6900000] [id=14976]
  0x0000016036cfccd0 ConcurrentGCThread "G1 Refine#2" [stack: 0x00000011a9e00000,0x00000011a9f00000] [id=8676]
  0x0000016019c9dfb0 ConcurrentGCThread "G1 Service" [stack: 0x00000011a3f00000,0x00000011a4000000] [id=3252]

Threads with active compile tasks:
C2 CompilerThread0   168055 19128       4       com.android.tools.r8.dex.B::a (829 bytes)
C2 CompilerThread1   168055 19081 %     4       com.android.tools.r8.dex.B::a @ 316 (1030 bytes)

VM state: at safepoint (normal execution)

VM Mutex/Monitor currently owned by a thread:  ([mutex/lock_event])
[0x0000016019bcd8d0] Threads_lock - owner thread: 0x0000016035157d30
[0x0000016019bcd450] Heap_lock - owner thread: 0x00000160407b0820

Heap address: 0x0000000080000000, size: 2048 MB, Compressed Oops mode: 32-bit

CDS archive(s) not mapped
Compressed class space mapped at: 0x0000000100000000-0x0000000140000000, reserved size: 1073741824
Narrow klass base: 0x0000000000000000, Narrow klass shift: 3, Narrow klass range: 0x140000000

GC Precious Log:
 CPUs: 4 total, 4 available
 Memory: 16281M
 Large Page Support: Disabled
 NUMA Support: Disabled
 Compressed Oops: Enabled (32-bit)
 Heap Region Size: 1M
 Heap Min Capacity: 8M
 Heap Initial Capacity: 256M
 Heap Max Capacity: 2G
 Pre-touch: Disabled
 Parallel Workers: 4
 Concurrent Workers: 1
 Concurrent Refinement Workers: 4
 Periodic GC: Disabled

Heap:
 garbage-first heap   total 263168K, used 198656K [0x0000000080000000, 0x0000000100000000)
  region size 1024K, 2 young (2048K), 2 survivors (2048K)
 Metaspace       used 122759K, committed 123584K, reserved 1163264K
  class space    used 16335K, committed 16768K, reserved 1048576K

Heap Regions: E=young(eden), S=young(survivor), O=old, HS=humongous(starts), HC=humongous(continues), CS=collection set, F=free, OA=open archive, CA=closed archive, TAMS=top-at-mark-start (previous, next)
|   0|0x0000000080000000, 0x0000000080100000, 0x0000000080100000|100%| O|  |TAMS 0x0000000080100000, 0x0000000080000000| Untracked 
|   1|0x0000000080100000, 0x0000000080200000, 0x0000000080200000|100%| O|  |TAMS 0x0000000080200000, 0x0000000080100000| Untracked 
|   2|0x0000000080200000, 0x0000000080300000, 0x0000000080300000|100%|HS|  |TAMS 0x0000000080300000, 0x0000000080200000| Complete 
|   3|0x0000000080300000, 0x0000000080400000, 0x0000000080400000|100%|HC|  |TAMS 0x0000000080400000, 0x0000000080300000| Complete 
|   4|0x0000000080400000, 0x0000000080500000, 0x0000000080500000|100%|HC|  |TAMS 0x0000000080500000, 0x0000000080400000| Complete 
|   5|0x0000000080500000, 0x0000000080600000, 0x0000000080600000|100%|HC|  |TAMS 0x0000000080600000, 0x0000000080500000| Complete 
|   6|0x0000000080600000, 0x0000000080700000, 0x0000000080700000|100%| O|  |TAMS 0x0000000080700000, 0x0000000080600000| Untracked 
|   7|0x0000000080700000, 0x0000000080800000, 0x0000000080800000|100%| O|  |TAMS 0x0000000080800000, 0x0000000080700000| Untracked 
|   8|0x0000000080800000, 0x0000000080900000, 0x0000000080900000|100%| O|  |TAMS 0x0000000080900000, 0x0000000080800000| Untracked 
|   9|0x0000000080900000, 0x0000000080a00000, 0x0000000080a00000|100%| O|  |TAMS 0x0000000080a00000, 0x0000000080900000| Untracked 
|  10|0x0000000080a00000, 0x0000000080b00000, 0x0000000080b00000|100%| O|  |TAMS 0x0000000080b00000, 0x0000000080a00000| Untracked 
|  11|0x0000000080b00000, 0x0000000080c00000, 0x0000000080c00000|100%| O|  |TAMS 0x0000000080c00000, 0x0000000080b00000| Untracked 
|  12|0x0000000080c00000, 0x0000000080d00000, 0x0000000080d00000|100%| O|  |TAMS 0x0000000080d00000, 0x0000000080c00000| Untracked 
|  13|0x0000000080d00000, 0x0000000080e00000, 0x0000000080e00000|100%| O|  |TAMS 0x0000000080e00000, 0x0000000080d00000| Untracked 
|  14|0x0000000080e00000, 0x0000000080f00000, 0x0000000080f00000|100%| O|  |TAMS 0x0000000080f00000, 0x0000000080e00000| Untracked 
|  15|0x0000000080f00000, 0x0000000081000000, 0x0000000081000000|100%| O|  |TAMS 0x0000000081000000, 0x0000000080f00000| Untracked 
|  16|0x0000000081000000, 0x0000000081100000, 0x0000000081100000|100%| O|  |TAMS 0x0000000081100000, 0x0000000081000000| Untracked 
|  17|0x0000000081100000, 0x0000000081200000, 0x0000000081200000|100%| O|  |TAMS 0x0000000081200000, 0x0000000081100000| Untracked 
|  18|0x0000000081200000, 0x0000000081300000, 0x0000000081300000|100%| O|  |TAMS 0x0000000081300000, 0x0000000081200000| Untracked 
|  19|0x0000000081300000, 0x0000000081400000, 0x0000000081400000|100%| O|  |TAMS 0x0000000081400000, 0x0000000081300000| Untracked 
|  20|0x0000000081400000, 0x0000000081500000, 0x0000000081500000|100%| O|  |TAMS 0x0000000081500000, 0x0000000081400000| Untracked 
|  21|0x0000000081500000, 0x0000000081600000, 0x0000000081600000|100%| O|  |TAMS 0x0000000081600000, 0x0000000081500000| Untracked 
|  22|0x0000000081600000, 0x0000000081700000, 0x0000000081700000|100%| O|  |TAMS 0x0000000081700000, 0x0000000081600000| Untracked 
|  23|0x0000000081700000, 0x0000000081800000, 0x0000000081800000|100%| O|  |TAMS 0x0000000081800000, 0x0000000081700000| Untracked 
|  24|0x0000000081800000, 0x0000000081900000, 0x0000000081900000|100%| O|  |TAMS 0x0000000081900000, 0x0000000081800000| Untracked 
|  25|0x0000000081900000, 0x0000000081a00000, 0x0000000081a00000|100%| O|  |TAMS 0x0000000081a00000, 0x0000000081900000| Untracked 
|  26|0x0000000081a00000, 0x0000000081b00000, 0x0000000081b00000|100%| O|  |TAMS 0x0000000081b00000, 0x0000000081a00000| Untracked 
|  27|0x0000000081b00000, 0x0000000081c00000, 0x0000000081c00000|100%| O|  |TAMS 0x0000000081c00000, 0x0000000081b00000| Untracked 
|  28|0x0000000081c00000, 0x0000000081d00000, 0x0000000081d00000|100%| O|  |TAMS 0x0000000081d00000, 0x0000000081c00000| Untracked 
|  29|0x0000000081d00000, 0x0000000081e00000, 0x0000000081e00000|100%| O|  |TAMS 0x0000000081e00000, 0x0000000081d00000| Untracked 
|  30|0x0000000081e00000, 0x0000000081f00000, 0x0000000081f00000|100%| O|  |TAMS 0x0000000081f00000, 0x0000000081e00000| Untracked 
|  31|0x0000000081f00000, 0x0000000082000000, 0x0000000082000000|100%| O|  |TAMS 0x0000000082000000, 0x0000000081f00000| Untracked 
|  32|0x0000000082000000, 0x0000000082100000, 0x0000000082100000|100%| O|  |TAMS 0x0000000082100000, 0x0000000082000000| Untracked 
|  33|0x0000000082100000, 0x0000000082200000, 0x0000000082200000|100%| O|  |TAMS 0x0000000082100000, 0x0000000082100000| Untracked 
|  34|0x0000000082200000, 0x0000000082300000, 0x0000000082300000|100%| O|  |TAMS 0x0000000082200000, 0x0000000082200000| Untracked 
|  35|0x0000000082300000, 0x0000000082400000, 0x0000000082400000|100%|HS|  |TAMS 0x0000000082300000, 0x0000000082300000| Complete 
|  36|0x0000000082400000, 0x0000000082500000, 0x0000000082500000|100%| O|  |TAMS 0x0000000082500000, 0x0000000082400000| Untracked 
|  37|0x0000000082500000, 0x0000000082600000, 0x0000000082600000|100%|HS|  |TAMS 0x0000000082600000, 0x0000000082500000| Complete 
|  38|0x0000000082600000, 0x0000000082700000, 0x0000000082700000|100%|HS|  |TAMS 0x0000000082700000, 0x0000000082600000| Complete 
|  39|0x0000000082700000, 0x0000000082800000, 0x0000000082800000|100%|HC|  |TAMS 0x0000000082800000, 0x0000000082700000| Complete 
|  40|0x0000000082800000, 0x0000000082900000, 0x0000000082900000|100%|HS|  |TAMS 0x0000000082900000, 0x0000000082800000| Complete 
|  41|0x0000000082900000, 0x0000000082a00000, 0x0000000082a00000|100%|HS|  |TAMS 0x0000000082a00000, 0x0000000082900000| Complete 
|  42|0x0000000082a00000, 0x0000000082b00000, 0x0000000082b00000|100%|HC|  |TAMS 0x0000000082b00000, 0x0000000082a00000| Complete 
|  43|0x0000000082b00000, 0x0000000082c00000, 0x0000000082c00000|100%|HC|  |TAMS 0x0000000082c00000, 0x0000000082b00000| Complete 
|  44|0x0000000082c00000, 0x0000000082d00000, 0x0000000082d00000|100%|HC|  |TAMS 0x0000000082d00000, 0x0000000082c00000| Complete 
|  45|0x0000000082d00000, 0x0000000082e00000, 0x0000000082e00000|100%| O|  |TAMS 0x0000000082e00000, 0x0000000082d00000| Untracked 
|  46|0x0000000082e00000, 0x0000000082f00000, 0x0000000082f00000|100%| O|  |TAMS 0x0000000082f00000, 0x0000000082e00000| Untracked 
|  47|0x0000000082f00000, 0x0000000083000000, 0x0000000083000000|100%| O|  |TAMS 0x0000000083000000, 0x0000000082f00000| Untracked 
|  48|0x0000000083000000, 0x0000000083100000, 0x0000000083100000|100%| O|  |TAMS 0x0000000083100000, 0x0000000083000000| Untracked 
|  49|0x0000000083100000, 0x0000000083200000, 0x0000000083200000|100%| O|  |TAMS 0x0000000083200000, 0x0000000083100000| Untracked 
|  50|0x0000000083200000, 0x0000000083300000, 0x0000000083300000|100%| O|  |TAMS 0x0000000083300000, 0x0000000083200000| Untracked 
|  51|0x0000000083300000, 0x0000000083400000, 0x0000000083400000|100%| O|  |TAMS 0x0000000083400000, 0x0000000083300000| Untracked 
|  52|0x0000000083400000, 0x0000000083500000, 0x0000000083500000|100%| O|  |TAMS 0x0000000083500000, 0x0000000083400000| Untracked 
|  53|0x0000000083500000, 0x0000000083600000, 0x0000000083600000|100%| O|  |TAMS 0x0000000083600000, 0x0000000083500000| Untracked 
|  54|0x0000000083600000, 0x0000000083700000, 0x0000000083700000|100%| O|  |TAMS 0x0000000083700000, 0x0000000083600000| Untracked 
|  55|0x0000000083700000, 0x0000000083800000, 0x0000000083800000|100%| O|  |TAMS 0x0000000083800000, 0x0000000083700000| Untracked 
|  56|0x0000000083800000, 0x0000000083900000, 0x0000000083900000|100%| O|  |TAMS 0x0000000083900000, 0x0000000083800000| Untracked 
|  57|0x0000000083900000, 0x0000000083a00000, 0x0000000083a00000|100%| O|  |TAMS 0x0000000083a00000, 0x0000000083900000| Untracked 
|  58|0x0000000083a00000, 0x0000000083b00000, 0x0000000083b00000|100%| O|  |TAMS 0x0000000083b00000, 0x0000000083a00000| Untracked 
|  59|0x0000000083b00000, 0x0000000083c00000, 0x0000000083c00000|100%| O|  |TAMS 0x0000000083c00000, 0x0000000083b00000| Untracked 
|  60|0x0000000083c00000, 0x0000000083d00000, 0x0000000083d00000|100%| O|  |TAMS 0x0000000083d00000, 0x0000000083c00000| Untracked 
|  61|0x0000000083d00000, 0x0000000083e00000, 0x0000000083e00000|100%| O|  |TAMS 0x0000000083e00000, 0x0000000083d00000| Untracked 
|  62|0x0000000083e00000, 0x0000000083f00000, 0x0000000083f00000|100%| O|  |TAMS 0x0000000083f00000, 0x0000000083e00000| Untracked 
|  63|0x0000000083f00000, 0x0000000084000000, 0x0000000084000000|100%| O|  |TAMS 0x0000000084000000, 0x0000000083f00000| Untracked 
|  64|0x0000000084000000, 0x0000000084100000, 0x0000000084100000|100%| O|  |TAMS 0x0000000084100000, 0x0000000084000000| Untracked 
|  65|0x0000000084100000, 0x0000000084200000, 0x0000000084200000|100%| O|  |TAMS 0x0000000084200000, 0x0000000084100000| Untracked 
|  66|0x0000000084200000, 0x0000000084300000, 0x0000000084300000|100%| O|  |TAMS 0x0000000084300000, 0x0000000084200000| Untracked 
|  67|0x0000000084300000, 0x0000000084400000, 0x0000000084400000|100%| O|  |TAMS 0x0000000084400000, 0x0000000084300000| Untracked 
|  68|0x0000000084400000, 0x0000000084500000, 0x0000000084500000|100%| O|  |TAMS 0x0000000084500000, 0x0000000084400000| Untracked 
|  69|0x0000000084500000, 0x0000000084600000, 0x0000000084600000|100%| O|  |TAMS 0x0000000084600000, 0x0000000084500000| Untracked 
|  70|0x0000000084600000, 0x0000000084700000, 0x0000000084700000|100%| O|  |TAMS 0x0000000084600000, 0x0000000084600000| Untracked 
|  71|0x0000000084700000, 0x0000000084800000, 0x0000000084800000|100%| O|  |TAMS 0x0000000084800000, 0x0000000084700000| Untracked 
|  72|0x0000000084800000, 0x0000000084900000, 0x0000000084900000|100%| O|  |TAMS 0x0000000084900000, 0x0000000084800000| Untracked 
|  73|0x0000000084900000, 0x0000000084a00000, 0x0000000084a00000|100%| O|  |TAMS 0x0000000084a00000, 0x0000000084900000| Untracked 
|  74|0x0000000084a00000, 0x0000000084b00000, 0x0000000084b00000|100%| O|  |TAMS 0x0000000084b00000, 0x0000000084a00000| Untracked 
|  75|0x0000000084b00000, 0x0000000084c00000, 0x0000000084c00000|100%| O|  |TAMS 0x0000000084c00000, 0x0000000084b00000| Untracked 
|  76|0x0000000084c00000, 0x0000000084d00000, 0x0000000084d00000|100%| O|  |TAMS 0x0000000084d00000, 0x0000000084c00000| Untracked 
|  77|0x0000000084d00000, 0x0000000084e00000, 0x0000000084e00000|100%| O|  |TAMS 0x0000000084e00000, 0x0000000084d00000| Untracked 
|  78|0x0000000084e00000, 0x0000000084f00000, 0x0000000084f00000|100%| O|  |TAMS 0x0000000084f00000, 0x0000000084e00000| Untracked 
|  79|0x0000000084f00000, 0x0000000085000000, 0x0000000085000000|100%| O|  |TAMS 0x0000000085000000, 0x0000000084f00000| Untracked 
|  80|0x0000000085000000, 0x0000000085100000, 0x0000000085100000|100%| O|  |TAMS 0x0000000085100000, 0x0000000085000000| Untracked 
|  81|0x0000000085100000, 0x0000000085200000, 0x0000000085200000|100%| O|  |TAMS 0x0000000085200000, 0x0000000085100000| Untracked 
|  82|0x0000000085200000, 0x0000000085300000, 0x0000000085300000|100%| O|  |TAMS 0x0000000085300000, 0x0000000085200000| Untracked 
|  83|0x0000000085300000, 0x0000000085400000, 0x0000000085400000|100%| O|  |TAMS 0x0000000085400000, 0x0000000085300000| Untracked 
|  84|0x0000000085400000, 0x0000000085500000, 0x0000000085500000|100%| O|  |TAMS 0x0000000085500000, 0x0000000085400000| Untracked 
|  85|0x0000000085500000, 0x0000000085600000, 0x0000000085600000|100%| O|  |TAMS 0x0000000085600000, 0x0000000085500000| Untracked 
|  86|0x0000000085600000, 0x0000000085700000, 0x0000000085700000|100%| O|  |TAMS 0x0000000085600000, 0x0000000085600000| Untracked 
|  87|0x0000000085700000, 0x0000000085800000, 0x0000000085800000|100%|HS|  |TAMS 0x0000000085700000, 0x0000000085700000| Complete 
|  88|0x0000000085800000, 0x0000000085900000, 0x0000000085900000|100%| O|  |TAMS 0x0000000085900000, 0x0000000085800000| Untracked 
|  89|0x0000000085900000, 0x0000000085a00000, 0x0000000085a00000|100%| O|  |TAMS 0x0000000085a00000, 0x0000000085900000| Untracked 
|  90|0x0000000085a00000, 0x0000000085b00000, 0x0000000085b00000|100%| O|  |TAMS 0x0000000085b00000, 0x0000000085a00000| Untracked 
|  91|0x0000000085b00000, 0x0000000085c00000, 0x0000000085c00000|100%| O|  |TAMS 0x0000000085c00000, 0x0000000085b00000| Untracked 
|  92|0x0000000085c00000, 0x0000000085d00000, 0x0000000085d00000|100%| O|  |TAMS 0x0000000085d00000, 0x0000000085c00000| Untracked 
|  93|0x0000000085d00000, 0x0000000085e00000, 0x0000000085e00000|100%|HS|  |TAMS 0x0000000085d00000, 0x0000000085d00000| Complete 
|  94|0x0000000085e00000, 0x0000000085f00000, 0x0000000085f00000|100%| O|  |TAMS 0x0000000085f00000, 0x0000000085e00000| Untracked 
|  95|0x0000000085f00000, 0x0000000086000000, 0x0000000086000000|100%| O|  |TAMS 0x0000000086000000, 0x0000000085f00000| Untracked 
|  96|0x0000000086000000, 0x0000000086100000, 0x0000000086100000|100%| O|  |TAMS 0x0000000086000000, 0x0000000086000000| Untracked 
|  97|0x0000000086100000, 0x0000000086200000, 0x0000000086200000|100%| O|  |TAMS 0x0000000086200000, 0x0000000086100000| Untracked 
|  98|0x0000000086200000, 0x0000000086300000, 0x0000000086300000|100%| O|  |TAMS 0x0000000086200000, 0x0000000086200000| Untracked 
|  99|0x0000000086300000, 0x0000000086400000, 0x0000000086400000|100%| O|  |TAMS 0x0000000086400000, 0x0000000086300000| Untracked 
| 100|0x0000000086400000, 0x0000000086500000, 0x0000000086500000|100%| O|  |TAMS 0x0000000086500000, 0x0000000086400000| Untracked 
| 101|0x0000000086500000, 0x0000000086600000, 0x0000000086600000|100%| O|  |TAMS 0x0000000086500000, 0x0000000086500000| Untracked 
| 102|0x0000000086600000, 0x0000000086700000, 0x0000000086700000|100%|HS|  |TAMS 0x0000000086600000, 0x0000000086600000| Complete 
| 103|0x0000000086700000, 0x0000000086800000, 0x0000000086800000|100%|HC|  |TAMS 0x0000000086700000, 0x0000000086700000| Complete 
| 104|0x0000000086800000, 0x0000000086900000, 0x0000000086900000|100%| O|  |TAMS 0x0000000086800000, 0x0000000086800000| Untracked 
| 105|0x0000000086900000, 0x0000000086a00000, 0x0000000086a00000|100%| O|  |TAMS 0x0000000086a00000, 0x0000000086900000| Untracked 
| 106|0x0000000086a00000, 0x0000000086b00000, 0x0000000086b00000|100%| O|  |TAMS 0x0000000086b00000, 0x0000000086a00000| Untracked 
| 107|0x0000000086b00000, 0x0000000086c00000, 0x0000000086c00000|100%| O|  |TAMS 0x0000000086c00000, 0x0000000086b00000| Untracked 
| 108|0x0000000086c00000, 0x0000000086d00000, 0x0000000086d00000|100%| O|  |TAMS 0x0000000086d00000, 0x0000000086c00000| Untracked 
| 109|0x0000000086d00000, 0x0000000086e00000, 0x0000000086e00000|100%| O|  |TAMS 0x0000000086e00000, 0x0000000086d00000| Untracked 
| 110|0x0000000086e00000, 0x0000000086f00000, 0x0000000086f00000|100%| O|  |TAMS 0x0000000086f00000, 0x0000000086e00000| Untracked 
| 111|0x0000000086f00000, 0x0000000087000000, 0x0000000087000000|100%|HS|  |TAMS 0x0000000086f00000, 0x0000000086f00000| Complete 
| 112|0x0000000087000000, 0x0000000087100000, 0x0000000087100000|100%| O|  |TAMS 0x0000000087100000, 0x0000000087000000| Untracked 
| 113|0x0000000087100000, 0x0000000087200000, 0x0000000087200000|100%| O|  |TAMS 0x0000000087200000, 0x0000000087100000| Untracked 
| 114|0x0000000087200000, 0x0000000087300000, 0x0000000087300000|100%| O|  |TAMS 0x0000000087300000, 0x0000000087200000| Untracked 
| 115|0x0000000087300000, 0x0000000087400000, 0x0000000087400000|100%| O|  |TAMS 0x000000008739e600, 0x0000000087300000| Untracked 
| 116|0x0000000087400000, 0x0000000087500000, 0x0000000087500000|100%|HS|  |TAMS 0x0000000087400000, 0x0000000087400000| Complete 
| 117|0x0000000087500000, 0x0000000087600000, 0x0000000087600000|100%|HC|  |TAMS 0x0000000087500000, 0x0000000087500000| Complete 
| 118|0x0000000087600000, 0x0000000087700000, 0x0000000087700000|100%| O|  |TAMS 0x0000000087600000, 0x0000000087600000| Untracked 
| 119|0x0000000087700000, 0x0000000087800000, 0x0000000087800000|100%| O|  |TAMS 0x0000000087800000, 0x0000000087700000| Untracked 
| 120|0x0000000087800000, 0x0000000087900000, 0x0000000087900000|100%|HS|  |TAMS 0x0000000087800000, 0x0000000087800000| Complete 
| 121|0x0000000087900000, 0x0000000087a00000, 0x0000000087a00000|100%|HC|  |TAMS 0x0000000087900000, 0x0000000087900000| Complete 
| 122|0x0000000087a00000, 0x0000000087b00000, 0x0000000087b00000|100%|HS|  |TAMS 0x0000000087a00000, 0x0000000087a00000| Complete 
| 123|0x0000000087b00000, 0x0000000087c00000, 0x0000000087c00000|100%|HC|  |TAMS 0x0000000087b00000, 0x0000000087b00000| Complete 
| 124|0x0000000087c00000, 0x0000000087d00000, 0x0000000087d00000|100%|HC|  |TAMS 0x0000000087c00000, 0x0000000087c00000| Complete 
| 125|0x0000000087d00000, 0x0000000087e00000, 0x0000000087e00000|100%| O|  |TAMS 0x0000000087e00000, 0x0000000087d00000| Untracked 
| 126|0x0000000087e00000, 0x0000000087f00000, 0x0000000087f00000|100%| O|  |TAMS 0x0000000087f00000, 0x0000000087e00000| Untracked 
| 127|0x0000000087f00000, 0x0000000088000000, 0x0000000088000000|100%| O|  |TAMS 0x0000000087f00000, 0x0000000087f00000| Untracked 
| 128|0x0000000088000000, 0x0000000088100000, 0x0000000088100000|100%| O|  |TAMS 0x0000000088000000, 0x0000000088000000| Untracked 
| 129|0x0000000088100000, 0x0000000088200000, 0x0000000088200000|100%|HS|  |TAMS 0x0000000088100000, 0x0000000088100000| Complete 
| 130|0x0000000088200000, 0x0000000088300000, 0x0000000088300000|100%|HC|  |TAMS 0x0000000088200000, 0x0000000088200000| Complete 
| 131|0x0000000088300000, 0x0000000088400000, 0x0000000088400000|100%|HS|  |TAMS 0x0000000088300000, 0x0000000088300000| Complete 
| 132|0x0000000088400000, 0x0000000088500000, 0x0000000088500000|100%| O|  |TAMS 0x0000000088400000, 0x0000000088400000| Untracked 
| 133|0x0000000088500000, 0x0000000088600000, 0x0000000088600000|100%| O|  |TAMS 0x0000000088500000, 0x0000000088500000| Untracked 
| 134|0x0000000088600000, 0x0000000088700000, 0x0000000088700000|100%| O|  |TAMS 0x0000000088600000, 0x0000000088600000| Untracked 
| 135|0x0000000088700000, 0x0000000088800000, 0x0000000088800000|100%|HS|  |TAMS 0x0000000088700000, 0x0000000088700000| Complete 
| 136|0x0000000088800000, 0x0000000088900000, 0x0000000088900000|100%|HC|  |TAMS 0x0000000088800000, 0x0000000088800000| Complete 
| 137|0x0000000088900000, 0x0000000088a00000, 0x0000000088a00000|100%| O|  |TAMS 0x0000000088900000, 0x0000000088900000| Untracked 
| 138|0x0000000088a00000, 0x0000000088b00000, 0x0000000088b00000|100%| O|  |TAMS 0x0000000088a00000, 0x0000000088a00000| Untracked 
| 139|0x0000000088b00000, 0x0000000088c00000, 0x0000000088c00000|100%| O|  |TAMS 0x0000000088b00000, 0x0000000088b00000| Untracked 
| 140|0x0000000088c00000, 0x0000000088d00000, 0x0000000088d00000|100%|HS|  |TAMS 0x0000000088c00000, 0x0000000088c00000| Complete 
| 141|0x0000000088d00000, 0x0000000088e00000, 0x0000000088e00000|100%|HC|  |TAMS 0x0000000088d00000, 0x0000000088d00000| Complete 
| 142|0x0000000088e00000, 0x0000000088f00000, 0x0000000088f00000|100%| O|  |TAMS 0x0000000088e00000, 0x0000000088e00000| Untracked 
| 143|0x0000000088f00000, 0x0000000089000000, 0x0000000089000000|100%| O|  |TAMS 0x0000000089000000, 0x0000000088f00000| Untracked 
| 144|0x0000000089000000, 0x0000000089100000, 0x0000000089100000|100%| O|  |TAMS 0x0000000089100000, 0x0000000089000000| Untracked 
| 145|0x0000000089100000, 0x0000000089200000, 0x0000000089200000|100%| O|  |TAMS 0x0000000089200000, 0x0000000089100000| Untracked 
| 146|0x0000000089200000, 0x0000000089300000, 0x0000000089300000|100%| O|  |TAMS 0x0000000089200000, 0x0000000089200000| Untracked 
| 147|0x0000000089300000, 0x0000000089400000, 0x0000000089400000|100%| O|  |TAMS 0x0000000089300000, 0x0000000089300000| Untracked 
| 148|0x0000000089400000, 0x0000000089500000, 0x0000000089500000|100%| O|  |TAMS 0x0000000089500000, 0x0000000089400000| Untracked 
| 149|0x0000000089500000, 0x0000000089600000, 0x0000000089600000|100%| O|  |TAMS 0x0000000089600000, 0x0000000089500000| Untracked 
| 150|0x0000000089600000, 0x0000000089700000, 0x0000000089700000|100%| O|  |TAMS 0x0000000089600000, 0x0000000089600000| Untracked 
| 151|0x0000000089700000, 0x0000000089800000, 0x0000000089800000|100%| O|  |TAMS 0x0000000089700000, 0x0000000089700000| Untracked 
| 152|0x0000000089800000, 0x0000000089900000, 0x0000000089900000|100%| O|  |TAMS 0x0000000089800000, 0x0000000089800000| Untracked 
| 153|0x0000000089900000, 0x0000000089a00000, 0x0000000089a00000|100%|HS|  |TAMS 0x0000000089900000, 0x0000000089900000| Complete 
| 154|0x0000000089a00000, 0x0000000089b00000, 0x0000000089b00000|100%|HC|  |TAMS 0x0000000089a00000, 0x0000000089a00000| Complete 
| 155|0x0000000089b00000, 0x0000000089c00000, 0x0000000089c00000|100%|HC|  |TAMS 0x0000000089b00000, 0x0000000089b00000| Complete 
| 156|0x0000000089c00000, 0x0000000089d00000, 0x0000000089d00000|100%| O|  |TAMS 0x0000000089c00000, 0x0000000089c00000| Untracked 
| 157|0x0000000089d00000, 0x0000000089e00000, 0x0000000089e00000|100%| O|  |TAMS 0x0000000089d00000, 0x0000000089d00000| Untracked 
| 158|0x0000000089e00000, 0x0000000089f00000, 0x0000000089f00000|100%|HS|  |TAMS 0x0000000089e00000, 0x0000000089e00000| Complete 
| 159|0x0000000089f00000, 0x000000008a000000, 0x000000008a000000|100%| O|  |TAMS 0x0000000089f00000, 0x0000000089f00000| Untracked 
| 160|0x000000008a000000, 0x000000008a100000, 0x000000008a100000|100%| O|  |TAMS 0x000000008a000000, 0x000000008a000000| Untracked 
| 161|0x000000008a100000, 0x000000008a200000, 0x000000008a200000|100%| O|  |TAMS 0x000000008a100000, 0x000000008a100000| Untracked 
| 162|0x000000008a200000, 0x000000008a300000, 0x000000008a300000|100%| O|  |TAMS 0x000000008a300000, 0x000000008a200000| Untracked 
| 163|0x000000008a300000, 0x000000008a400000, 0x000000008a400000|100%| O|  |TAMS 0x000000008a300000, 0x000000008a300000| Untracked 
| 164|0x000000008a400000, 0x000000008a500000, 0x000000008a500000|100%| O|  |TAMS 0x000000008a400000, 0x000000008a400000| Untracked 
| 165|0x000000008a500000, 0x000000008a600000, 0x000000008a600000|100%| O|  |TAMS 0x000000008a500000, 0x000000008a500000| Untracked 
| 166|0x000000008a600000, 0x000000008a700000, 0x000000008a700000|100%| O|  |TAMS 0x000000008a600000, 0x000000008a600000| Untracked 
| 167|0x000000008a700000, 0x000000008a800000, 0x000000008a800000|100%| O|  |TAMS 0x000000008a700000, 0x000000008a700000| Untracked 
| 168|0x000000008a800000, 0x000000008a900000, 0x000000008a900000|100%| O|  |TAMS 0x000000008a800000, 0x000000008a800000| Untracked 
| 169|0x000000008a900000, 0x000000008aa00000, 0x000000008aa00000|100%| O|  |TAMS 0x000000008a900000, 0x000000008a900000| Untracked 
| 170|0x000000008aa00000, 0x000000008ab00000, 0x000000008ab00000|100%| O|  |TAMS 0x000000008aa00000, 0x000000008aa00000| Untracked 
| 171|0x000000008ab00000, 0x000000008ac00000, 0x000000008ac00000|100%| O|  |TAMS 0x000000008ab00000, 0x000000008ab00000| Untracked 
| 172|0x000000008ac00000, 0x000000008ad00000, 0x000000008ad00000|100%| O|  |TAMS 0x000000008ac00000, 0x000000008ac00000| Untracked 
| 173|0x000000008ad00000, 0x000000008ae00000, 0x000000008ae00000|100%| O|  |TAMS 0x000000008ad00000, 0x000000008ad00000| Untracked 
| 174|0x000000008ae00000, 0x000000008af00000, 0x000000008af00000|100%| O|  |TAMS 0x000000008ae00000, 0x000000008ae00000| Untracked 
| 175|0x000000008af00000, 0x000000008b000000, 0x000000008b000000|100%| O|  |TAMS 0x000000008af00000, 0x000000008af00000| Untracked 
| 176|0x000000008b000000, 0x000000008b100000, 0x000000008b100000|100%| O|  |TAMS 0x000000008b000000, 0x000000008b000000| Untracked 
| 177|0x000000008b100000, 0x000000008b200000, 0x000000008b200000|100%| O|  |TAMS 0x000000008b100000, 0x000000008b100000| Untracked 
| 178|0x000000008b200000, 0x000000008b300000, 0x000000008b300000|100%| O|  |TAMS 0x000000008b200000, 0x000000008b200000| Untracked 
| 179|0x000000008b300000, 0x000000008b400000, 0x000000008b400000|100%| O|  |TAMS 0x000000008b300000, 0x000000008b300000| Untracked 
| 180|0x000000008b400000, 0x000000008b500000, 0x000000008b500000|100%| O|  |TAMS 0x000000008b400000, 0x000000008b400000| Untracked 
| 181|0x000000008b500000, 0x000000008b600000, 0x000000008b600000|100%| O|  |TAMS 0x000000008b500000, 0x000000008b500000| Untracked 
| 182|0x000000008b600000, 0x000000008b700000, 0x000000008b700000|100%| O|  |TAMS 0x000000008b600000, 0x000000008b600000| Untracked 
| 183|0x000000008b700000, 0x000000008b800000, 0x000000008b800000|100%| O|  |TAMS 0x000000008b700000, 0x000000008b700000| Untracked 
| 184|0x000000008b800000, 0x000000008b900000, 0x000000008b900000|100%| O|  |TAMS 0x000000008b800000, 0x000000008b800000| Untracked 
| 185|0x000000008b900000, 0x000000008ba00000, 0x000000008ba00000|100%| O|  |TAMS 0x000000008b900000, 0x000000008b900000| Untracked 
| 186|0x000000008ba00000, 0x000000008bb00000, 0x000000008bb00000|100%| O|  |TAMS 0x000000008ba00000, 0x000000008ba00000| Untracked 
| 187|0x000000008bb00000, 0x000000008bc00000, 0x000000008bc00000|100%| O|  |TAMS 0x000000008bb00000, 0x000000008bb00000| Untracked 
| 188|0x000000008bc00000, 0x000000008bd00000, 0x000000008bd00000|100%| O|  |TAMS 0x000000008bc00000, 0x000000008bc00000| Untracked 
| 189|0x000000008bd00000, 0x000000008be00000, 0x000000008be00000|100%| O|  |TAMS 0x000000008bd00000, 0x000000008bd00000| Untracked 
| 190|0x000000008be00000, 0x000000008bf00000, 0x000000008bf00000|100%| O|  |TAMS 0x000000008be00000, 0x000000008be00000| Untracked 
| 191|0x000000008bf00000, 0x000000008bf00000, 0x000000008c000000|  0%| F|  |TAMS 0x000000008bf00000, 0x000000008bf00000| Untracked 
| 192|0x000000008c000000, 0x000000008c000000, 0x000000008c100000|  0%| F|  |TAMS 0x000000008c000000, 0x000000008c000000| Untracked 
| 193|0x000000008c100000, 0x000000008c100000, 0x000000008c200000|  0%| F|  |TAMS 0x000000008c100000, 0x000000008c100000| Untracked 
| 194|0x000000008c200000, 0x000000008c200000, 0x000000008c300000|  0%| F|  |TAMS 0x000000008c200000, 0x000000008c200000| Untracked 
| 195|0x000000008c300000, 0x000000008c300000, 0x000000008c400000|  0%| F|  |TAMS 0x000000008c300000, 0x000000008c300000| Untracked 
| 196|0x000000008c400000, 0x000000008c400000, 0x000000008c500000|  0%| F|  |TAMS 0x000000008c400000, 0x000000008c400000| Untracked 
| 197|0x000000008c500000, 0x000000008c500000, 0x000000008c600000|  0%| F|  |TAMS 0x000000008c500000, 0x000000008c500000| Untracked 
| 198|0x000000008c600000, 0x000000008c600000, 0x000000008c700000|  0%| F|  |TAMS 0x000000008c600000, 0x000000008c600000| Untracked 
| 199|0x000000008c700000, 0x000000008c700000, 0x000000008c800000|  0%| F|  |TAMS 0x000000008c700000, 0x000000008c700000| Untracked 
| 200|0x000000008c800000, 0x000000008c800000, 0x000000008c900000|  0%| F|  |TAMS 0x000000008c800000, 0x000000008c800000| Untracked 
| 201|0x000000008c900000, 0x000000008c900000, 0x000000008ca00000|  0%| F|  |TAMS 0x000000008c900000, 0x000000008c900000| Untracked 
| 202|0x000000008ca00000, 0x000000008ca00000, 0x000000008cb00000|  0%| F|  |TAMS 0x000000008ca00000, 0x000000008ca00000| Untracked 
| 203|0x000000008cb00000, 0x000000008cb00000, 0x000000008cc00000|  0%| F|  |TAMS 0x000000008cb00000, 0x000000008cb00000| Untracked 
| 204|0x000000008cc00000, 0x000000008cc00000, 0x000000008cd00000|  0%| F|  |TAMS 0x000000008cc00000, 0x000000008cc00000| Untracked 
| 205|0x000000008cd00000, 0x000000008cd00000, 0x000000008ce00000|  0%| F|  |TAMS 0x000000008cd00000, 0x000000008cd00000| Untracked 
| 206|0x000000008ce00000, 0x000000008ce00000, 0x000000008cf00000|  0%| F|  |TAMS 0x000000008ce00000, 0x000000008ce00000| Untracked 
| 207|0x000000008cf00000, 0x000000008cf00000, 0x000000008d000000|  0%| F|  |TAMS 0x000000008cf00000, 0x000000008cf00000| Untracked 
| 208|0x000000008d000000, 0x000000008d000000, 0x000000008d100000|  0%| F|  |TAMS 0x000000008d000000, 0x000000008d000000| Untracked 
| 209|0x000000008d100000, 0x000000008d100000, 0x000000008d200000|  0%| F|  |TAMS 0x000000008d100000, 0x000000008d100000| Untracked 
| 210|0x000000008d200000, 0x000000008d200000, 0x000000008d300000|  0%| F|  |TAMS 0x000000008d200000, 0x000000008d200000| Untracked 
| 211|0x000000008d300000, 0x000000008d300000, 0x000000008d400000|  0%| F|  |TAMS 0x000000008d300000, 0x000000008d300000| Untracked 
| 212|0x000000008d400000, 0x000000008d400000, 0x000000008d500000|  0%| F|  |TAMS 0x000000008d400000, 0x000000008d400000| Untracked 
| 213|0x000000008d500000, 0x000000008d500000, 0x000000008d600000|  0%| F|  |TAMS 0x000000008d500000, 0x000000008d500000| Untracked 
| 214|0x000000008d600000, 0x000000008d700000, 0x000000008d700000|100%| S|CS|TAMS 0x000000008d600000, 0x000000008d600000| Complete 
| 215|0x000000008d700000, 0x000000008d700000, 0x000000008d800000|  0%| F|  |TAMS 0x000000008d700000, 0x000000008d700000| Untracked 
| 216|0x000000008d800000, 0x000000008d800000, 0x000000008d900000|  0%| F|  |TAMS 0x000000008d800000, 0x000000008d800000| Untracked 
| 217|0x000000008d900000, 0x000000008da00000, 0x000000008da00000|100%| S|CS|TAMS 0x000000008d900000, 0x000000008d900000| Complete 
| 218|0x000000008da00000, 0x000000008da00000, 0x000000008db00000|  0%| F|  |TAMS 0x000000008da00000, 0x000000008da00000| Untracked 
| 219|0x000000008db00000, 0x000000008db00000, 0x000000008dc00000|  0%| F|  |TAMS 0x000000008db00000, 0x000000008db00000| Untracked 
| 220|0x000000008dc00000, 0x000000008dc00000, 0x000000008dd00000|  0%| F|  |TAMS 0x000000008dc00000, 0x000000008dc00000| Untracked 
| 221|0x000000008dd00000, 0x000000008dd00000, 0x000000008de00000|  0%| F|  |TAMS 0x000000008dd00000, 0x000000008dd00000| Untracked 
| 222|0x000000008de00000, 0x000000008de00000, 0x000000008df00000|  0%| F|  |TAMS 0x000000008de00000, 0x000000008de00000| Untracked 
| 223|0x000000008df00000, 0x000000008df00000, 0x000000008e000000|  0%| F|  |TAMS 0x000000008df00000, 0x000000008df00000| Untracked 
| 224|0x000000008e000000, 0x000000008e000000, 0x000000008e100000|  0%| F|  |TAMS 0x000000008e000000, 0x000000008e000000| Untracked 
| 225|0x000000008e100000, 0x000000008e100000, 0x000000008e200000|  0%| F|  |TAMS 0x000000008e100000, 0x000000008e100000| Untracked 
| 226|0x000000008e200000, 0x000000008e200000, 0x000000008e300000|  0%| F|  |TAMS 0x000000008e200000, 0x000000008e200000| Untracked 
| 227|0x000000008e300000, 0x000000008e300000, 0x000000008e400000|  0%| F|  |TAMS 0x000000008e300000, 0x000000008e300000| Untracked 
| 228|0x000000008e400000, 0x000000008e400000, 0x000000008e500000|  0%| F|  |TAMS 0x000000008e400000, 0x000000008e400000| Untracked 
| 229|0x000000008e500000, 0x000000008e500000, 0x000000008e600000|  0%| F|  |TAMS 0x000000008e500000, 0x000000008e500000| Untracked 
| 230|0x000000008e600000, 0x000000008e600000, 0x000000008e700000|  0%| F|  |TAMS 0x000000008e600000, 0x000000008e600000| Untracked 
| 231|0x000000008e700000, 0x000000008e700000, 0x000000008e800000|  0%| F|  |TAMS 0x000000008e700000, 0x000000008e700000| Untracked 
| 232|0x000000008e800000, 0x000000008e800000, 0x000000008e900000|  0%| F|  |TAMS 0x000000008e800000, 0x000000008e800000| Untracked 
| 233|0x000000008e900000, 0x000000008e900000, 0x000000008ea00000|  0%| F|  |TAMS 0x000000008e900000, 0x000000008e900000| Untracked 
| 234|0x000000008ea00000, 0x000000008ea00000, 0x000000008eb00000|  0%| F|  |TAMS 0x000000008ea00000, 0x000000008ea00000| Untracked 
| 235|0x000000008eb00000, 0x000000008eb00000, 0x000000008ec00000|  0%| F|  |TAMS 0x000000008eb00000, 0x000000008eb00000| Untracked 
| 236|0x000000008ec00000, 0x000000008ec00000, 0x000000008ed00000|  0%| F|  |TAMS 0x000000008ec00000, 0x000000008ec00000| Untracked 
| 237|0x000000008ed00000, 0x000000008ed00000, 0x000000008ee00000|  0%| F|  |TAMS 0x000000008ed00000, 0x000000008ed00000| Untracked 
| 238|0x000000008ee00000, 0x000000008ee00000, 0x000000008ef00000|  0%| F|  |TAMS 0x000000008ee00000, 0x000000008ee00000| Untracked 
| 239|0x000000008ef00000, 0x000000008ef00000, 0x000000008f000000|  0%| F|  |TAMS 0x000000008ef00000, 0x000000008ef00000| Untracked 
| 240|0x000000008f000000, 0x000000008f000000, 0x000000008f100000|  0%| F|  |TAMS 0x000000008f000000, 0x000000008f000000| Untracked 
| 241|0x000000008f100000, 0x000000008f100000, 0x000000008f200000|  0%| F|  |TAMS 0x000000008f100000, 0x000000008f100000| Untracked 
| 242|0x000000008f200000, 0x000000008f200000, 0x000000008f300000|  0%| F|  |TAMS 0x000000008f200000, 0x000000008f200000| Untracked 
| 243|0x000000008f300000, 0x000000008f300000, 0x000000008f400000|  0%| F|  |TAMS 0x000000008f300000, 0x000000008f300000| Untracked 
| 244|0x000000008f400000, 0x000000008f400000, 0x000000008f500000|  0%| F|  |TAMS 0x000000008f400000, 0x000000008f400000| Untracked 
| 245|0x000000008f500000, 0x000000008f500000, 0x000000008f600000|  0%| F|  |TAMS 0x000000008f500000, 0x000000008f500000| Untracked 
| 246|0x000000008f600000, 0x000000008f600000, 0x000000008f700000|  0%| F|  |TAMS 0x000000008f600000, 0x000000008f600000| Untracked 
| 247|0x000000008f700000, 0x000000008f700000, 0x000000008f800000|  0%| F|  |TAMS 0x000000008f700000, 0x000000008f700000| Untracked 
| 248|0x000000008f800000, 0x000000008f800000, 0x000000008f900000|  0%| F|  |TAMS 0x000000008f800000, 0x000000008f800000| Untracked 
| 249|0x000000008f900000, 0x000000008f900000, 0x000000008fa00000|  0%| F|  |TAMS 0x000000008f900000, 0x000000008f900000| Untracked 
| 250|0x000000008fa00000, 0x000000008fa00000, 0x000000008fb00000|  0%| F|  |TAMS 0x000000008fa00000, 0x000000008fa00000| Untracked 
| 251|0x000000008fb00000, 0x000000008fb00000, 0x000000008fc00000|  0%| F|  |TAMS 0x000000008fb00000, 0x000000008fb00000| Untracked 
| 252|0x000000008fc00000, 0x000000008fc00000, 0x000000008fd00000|  0%| F|  |TAMS 0x000000008fc00000, 0x000000008fc00000| Untracked 
| 253|0x000000008fd00000, 0x000000008fd00000, 0x000000008fe00000|  0%| F|  |TAMS 0x000000008fd00000, 0x000000008fd00000| Untracked 
| 254|0x000000008fe00000, 0x000000008fe00000, 0x000000008ff00000|  0%| F|  |TAMS 0x000000008fe00000, 0x000000008fe00000| Untracked 
| 255|0x000000008ff00000, 0x000000008ff00000, 0x0000000090000000|  0%| F|  |TAMS 0x000000008ff00000, 0x000000008ff00000| Untracked 
|2047|0x00000000fff00000, 0x0000000100000000, 0x0000000100000000|100%| O|  |TAMS 0x00000000fff00000, 0x00000000fff00000| Untracked 

Card table byte_map: [0x000001602e2c0000,0x000001602e6c0000] _byte_map_base: 0x000001602dec0000

Marking Bits (Prev, Next): (CMBitMap*) 0x0000016019c2a4d0, (CMBitMap*) 0x0000016019c2a510
 Prev Bits: [0x000001602eac0000, 0x0000016030ac0000)
 Next Bits: [0x0000016030ac0000, 0x0000016032ac0000)

Polling page: 0x0000016019ca0000

Metaspace:

Usage:
  Non-class:    103.93 MB used.
      Class:     15.95 MB used.
       Both:    119.88 MB used.

Virtual space:
  Non-class space:      112.00 MB reserved,     104.31 MB ( 93%) committed,  14 nodes.
      Class space:        1.00 GB reserved,      16.38 MB (  2%) committed,  1 nodes.
             Both:        1.11 GB reserved,     120.69 MB ( 11%) committed. 

Chunk freelists:
   Non-Class:  2.75 MB
       Class:  3.64 MB
        Both:  6.39 MB

MaxMetaspaceSize: unlimited
CompressedClassSpaceSize: 1.00 GB
Initial GC threshold: 21.00 MB
Current GC threshold: 184.94 MB
CDS: off
MetaspaceReclaimPolicy: balanced
 - commit_granule_bytes: 65536.
 - commit_granule_words: 8192.
 - virtual_space_node_default_size: 1048576.
 - enlarge_chunks_in_place: 1.
 - new_chunks_are_fully_committed: 0.
 - uncommit_free_chunks: 1.
 - use_allocation_guard: 0.
 - handle_deallocations: 1.


Internal statistics:

num_allocs_failed_limit: 12.
num_arena_births: 1454.
num_arena_deaths: 6.
num_vsnodes_births: 15.
num_vsnodes_deaths: 0.
num_space_committed: 1930.
num_space_uncommitted: 0.
num_chunks_returned_to_freelist: 21.
num_chunks_taken_from_freelist: 6136.
num_chunk_merges: 15.
num_chunk_splits: 4073.
num_chunks_enlarged: 2695.
num_purges: 2.
num_inconsistent_stats: 0.

CodeHeap 'non-profiled nmethods': size=120000Kb used=11668Kb max_used=11668Kb free=108331Kb
 bounds [0x0000016026370000, 0x0000016026ee0000, 0x000001602d8a0000]
CodeHeap 'profiled nmethods': size=120000Kb used=29614Kb max_used=30037Kb free=90385Kb
 bounds [0x000001601e8a0000, 0x0000016020630000, 0x0000016025dd0000]
CodeHeap 'non-nmethods': size=5760Kb used=2452Kb max_used=2521Kb free=3307Kb
 bounds [0x0000016025dd0000, 0x0000016026060000, 0x0000016026370000]
 total_blobs=16492 nmethods=15495 adapters=908
 compilation: enabled
              stopped_count=0, restarted_count=0
 full_count=0

Compilation events (20 events):
Event: 167.851 Thread 0x000001603515e440 19284       2       com.android.tools.r8.graph.G4$$Lambda$1565/0x00000001010559e8::<init> (15 bytes)
Event: 167.851 Thread 0x000001603515e440 nmethod 19284 0x0000016020165d90 code [0x0000016020165f20, 0x00000160201660d8]
Event: 167.852 Thread 0x000001603515e440 19285       2       com.android.tools.r8.internal.a1::iterator (5 bytes)
Event: 167.853 Thread 0x000001603515e440 nmethod 19285 0x0000016020165910 code [0x0000016020165ac0, 0x0000016020165ca8]
Event: 167.853 Thread 0x000001603515e440 19286       2       com.android.tools.r8.internal.EF::<init> (41 bytes)
Event: 167.853 Thread 0x000001603515e440 nmethod 19286 0x0000016020165510 code [0x00000160201656a0, 0x0000016020165838]
Event: 167.853 Thread 0x000001603515e440 19288       2       com.android.tools.r8.utils.structural.s::c (16 bytes)
Event: 167.853 Thread 0x000001603515e440 nmethod 19288 0x0000016020165190 code [0x0000016020165320, 0x0000016020165468]
Event: 167.853 Thread 0x000001603515e440 19287       2       com.android.tools.r8.utils.v1::W0 (28 bytes)
Event: 167.854 Thread 0x000001603515e440 nmethod 19287 0x0000016020164d90 code [0x0000016020164f20, 0x00000160201650f8]
Event: 167.854 Thread 0x000001603515e440 19289       2       com.android.tools.r8.utils.v1::b0 (29 bytes)
Event: 167.854 Thread 0x000001603515e440 nmethod 19289 0x0000016020164990 code [0x0000016020164b20, 0x0000016020164c88]
Event: 167.856 Thread 0x000001603515e440 19290       2       com.android.tools.r8.utils.structural.s::d (16 bytes)
Event: 167.856 Thread 0x000001603515e440 nmethod 19290 0x0000016020164610 code [0x00000160201647a0, 0x00000160201648e8]
Event: 167.860 Thread 0x000001603515e440 19291       2       com.android.tools.r8.graph.S2::a (136 bytes)
Event: 167.866 Thread 0x000001603515e440 nmethod 19291 0x0000016020163a90 code [0x0000016020163ca0, 0x00000160201642b8]
Event: 167.866 Thread 0x000001603515e440 19292       2       com.android.tools.r8.graph.H4::b (157 bytes)
Event: 167.867 Thread 0x000001603515e440 nmethod 19292 0x000001601fc16c10 code [0x000001601fc16e60, 0x000001601fc175f8]
Event: 167.867 Thread 0x000001603515e440 19293       2       com.android.tools.r8.dex.B::a (45 bytes)
Event: 167.868 Thread 0x000001603515e440 nmethod 19293 0x000001601fc16190 code [0x000001601fc163c0, 0x000001601fc16858]

GC Heap History (20 events):
Event: 151.204 GC heap after
{Heap after GC invocations=77 (full 0):
 garbage-first heap   total 232448K, used 136700K [0x0000000080000000, 0x0000000100000000)
  region size 1024K, 3 young (3072K), 3 survivors (3072K)
 Metaspace       used 111589K, committed 112384K, reserved 1146880K
  class space    used 14781K, committed 15168K, reserved 1048576K
}
Event: 151.545 GC heap before
{Heap before GC invocations=77 (full 0):
 garbage-first heap   total 232448K, used 144892K [0x0000000080000000, 0x0000000100000000)
  region size 1024K, 11 young (11264K), 3 survivors (3072K)
 Metaspace       used 111915K, committed 112704K, reserved 1146880K
  class space    used 14807K, committed 15168K, reserved 1048576K
}
Event: 151.565 GC heap after
{Heap after GC invocations=78 (full 0):
 garbage-first heap   total 232448K, used 118851K [0x0000000080000000, 0x0000000100000000)
  region size 1024K, 2 young (2048K), 2 survivors (2048K)
 Metaspace       used 111915K, committed 112704K, reserved 1146880K
  class space    used 14807K, committed 15168K, reserved 1048576K
}
Event: 153.116 GC heap before
{Heap before GC invocations=78 (full 0):
 garbage-first heap   total 232448K, used 178243K [0x0000000080000000, 0x0000000100000000)
  region size 1024K, 60 young (61440K), 2 survivors (2048K)
 Metaspace       used 112639K, committed 113408K, reserved 1155072K
  class space    used 14853K, committed 15232K, reserved 1048576K
}
Event: 153.128 GC heap after
{Heap after GC invocations=79 (full 0):
 garbage-first heap   total 232448K, used 124741K [0x0000000080000000, 0x0000000100000000)
  region size 1024K, 8 young (8192K), 8 survivors (8192K)
 Metaspace       used 112639K, committed 113408K, reserved 1155072K
  class space    used 14853K, committed 15232K, reserved 1048576K
}
Event: 157.298 GC heap before
{Heap before GC invocations=80 (full 0):
 garbage-first heap   total 232448K, used 182085K [0x0000000080000000, 0x0000000100000000)
  region size 1024K, 65 young (66560K), 8 survivors (8192K)
 Metaspace       used 114800K, committed 115712K, reserved 1155072K
  class space    used 15108K, committed 15552K, reserved 1048576K
}
Event: 157.306 GC heap after
{Heap after GC invocations=81 (full 0):
 garbage-first heap   total 232448K, used 122014K [0x0000000080000000, 0x0000000100000000)
  region size 1024K, 2 young (2048K), 2 survivors (2048K)
 Metaspace       used 114800K, committed 115712K, reserved 1155072K
  class space    used 15108K, committed 15552K, reserved 1048576K
}
Event: 157.926 GC heap before
{Heap before GC invocations=81 (full 0):
 garbage-first heap   total 232448K, used 131230K [0x0000000080000000, 0x0000000100000000)
  region size 1024K, 11 young (11264K), 2 survivors (2048K)
 Metaspace       used 114947K, committed 115840K, reserved 1155072K
  class space    used 15127K, committed 15552K, reserved 1048576K
}
Event: 157.938 GC heap after
{Heap after GC invocations=82 (full 0):
 garbage-first heap   total 232448K, used 122259K [0x0000000080000000, 0x0000000100000000)
  region size 1024K, 2 young (2048K), 2 survivors (2048K)
 Metaspace       used 114947K, committed 115840K, reserved 1155072K
  class space    used 15127K, committed 15552K, reserved 1048576K
}
Event: 163.580 GC heap before
{Heap before GC invocations=82 (full 0):
 garbage-first heap   total 232448K, used 218515K [0x0000000080000000, 0x0000000100000000)
  region size 1024K, 59 young (60416K), 2 survivors (2048K)
 Metaspace       used 120062K, committed 120896K, reserved 1155072K
  class space    used 15827K, committed 16256K, reserved 1048576K
}
Event: 163.592 GC heap after
{Heap after GC invocations=83 (full 0):
 garbage-first heap   total 233472K, used 154783K [0x0000000080000000, 0x0000000100000000)
  region size 1024K, 9 young (9216K), 9 survivors (9216K)
 Metaspace       used 120062K, committed 120896K, reserved 1155072K
  class space    used 15827K, committed 16256K, reserved 1048576K
}
Event: 165.471 GC heap before
{Heap before GC invocations=83 (full 0):
 garbage-first heap   total 233472K, used 191647K [0x0000000080000000, 0x0000000100000000)
  region size 1024K, 45 young (46080K), 9 survivors (9216K)
 Metaspace       used 120127K, committed 120960K, reserved 1155072K
  class space    used 15827K, committed 16256K, reserved 1048576K
}
Event: 165.502 GC heap after
{Heap after GC invocations=84 (full 0):
 garbage-first heap   total 233472K, used 169018K [0x0000000080000000, 0x0000000100000000)
  region size 1024K, 6 young (6144K), 6 survivors (6144K)
 Metaspace       used 120127K, committed 120960K, reserved 1155072K
  class space    used 15827K, committed 16256K, reserved 1048576K
}
Event: 167.185 GC heap before
{Heap before GC invocations=84 (full 0):
 garbage-first heap   total 233472K, used 192570K [0x0000000080000000, 0x0000000100000000)
  region size 1024K, 29 young (29696K), 6 survivors (6144K)
 Metaspace       used 122630K, committed 123456K, reserved 1163264K
  class space    used 16334K, committed 16768K, reserved 1048576K
}
Event: 167.215 GC heap after
{Heap after GC invocations=85 (full 0):
 garbage-first heap   total 233472K, used 179072K [0x0000000080000000, 0x0000000100000000)
  region size 1024K, 4 young (4096K), 4 survivors (4096K)
 Metaspace       used 122630K, committed 123456K, reserved 1163264K
  class space    used 16334K, committed 16768K, reserved 1048576K
}
Event: 167.535 GC heap before
{Heap before GC invocations=85 (full 0):
 garbage-first heap   total 233472K, used 195456K [0x0000000080000000, 0x0000000100000000)
  region size 1024K, 21 young (21504K), 4 survivors (4096K)
 Metaspace       used 122743K, committed 123584K, reserved 1163264K
  class space    used 16335K, committed 16768K, reserved 1048576K
}
Event: 167.565 GC heap after
{Heap after GC invocations=86 (full 0):
 garbage-first heap   total 233472K, used 188416K [0x0000000080000000, 0x0000000100000000)
  region size 1024K, 3 young (3072K), 3 survivors (3072K)
 Metaspace       used 122743K, committed 123584K, reserved 1163264K
  class space    used 16335K, committed 16768K, reserved 1048576K
}
Event: 167.795 GC heap before
{Heap before GC invocations=86 (full 0):
 garbage-first heap   total 233472K, used 198656K [0x0000000080000000, 0x0000000100000000)
  region size 1024K, 13 young (13312K), 3 survivors (3072K)
 Metaspace       used 122749K, committed 123584K, reserved 1163264K
  class space    used 16335K, committed 16768K, reserved 1048576K
}
Event: 167.816 GC heap after
{Heap after GC invocations=87 (full 0):
 garbage-first heap   total 233472K, used 194011K [0x0000000080000000, 0x0000000100000000)
  region size 1024K, 2 young (2048K), 2 survivors (2048K)
 Metaspace       used 122749K, committed 123584K, reserved 1163264K
  class space    used 16335K, committed 16768K, reserved 1048576K
}
Event: 167.988 GC heap before
{Heap before GC invocations=87 (full 0):
 garbage-first heap   total 233472K, used 203227K [0x0000000080000000, 0x0000000100000000)
  region size 1024K, 11 young (11264K), 2 survivors (2048K)
 Metaspace       used 122759K, committed 123584K, reserved 1163264K
  class space    used 16335K, committed 16768K, reserved 1048576K
}

Dll operation events (2 events):
Event: 0.009 Loaded shared library C:\Program Files\Android\Android Studio\jbr\bin\java.dll
Event: 1.124 Loaded shared library C:\Program Files\Android\Android Studio\jbr\bin\verify.dll

Deoptimization events (20 events):
Event: 166.689 Thread 0x00000160407b1b60 Uncommon trap: trap_request=0xffffff45 fr.pc=0x00000160268417c8 relative=0x00000000000002e8
Event: 166.689 Thread 0x00000160407b1b60 Uncommon trap: reason=unstable_if action=reinterpret pc=0x00000160268417c8 method=com.android.tools.r8.graph.e2.h(Ljava/lang/Object;)Z @ 37 c2
Event: 166.689 Thread 0x00000160407b1b60 DEOPT PACKING pc=0x00000160268417c8 sp=0x00000011aa7fec20
Event: 166.689 Thread 0x00000160407b1b60 DEOPT UNPACKING pc=0x0000016025e269a3 sp=0x00000011aa7febc0 mode 2
Event: 167.176 Thread 0x00000160407b0820 Uncommon trap: trap_request=0xffffff45 fr.pc=0x00000160269750a0 relative=0x0000000000000380
Event: 167.176 Thread 0x00000160407b0820 Uncommon trap: reason=unstable_if action=reinterpret pc=0x00000160269750a0 method=java.util.concurrent.ConcurrentLinkedQueue.offer(Ljava/lang/Object;)Z @ 96 c2
Event: 167.176 Thread 0x00000160407b0820 DEOPT PACKING pc=0x00000160269750a0 sp=0x00000011aa6fee60
Event: 167.176 Thread 0x00000160407b0820 DEOPT UNPACKING pc=0x0000016025e269a3 sp=0x00000011aa6feda0 mode 2
Event: 167.227 Thread 0x00000160407b11c0 Uncommon trap: trap_request=0xffffff45 fr.pc=0x000001602661ffe8 relative=0x0000000000000348
Event: 167.227 Thread 0x00000160407b11c0 Uncommon trap: reason=unstable_if action=reinterpret pc=0x000001602661ffe8 method=java.util.concurrent.ConcurrentLinkedQueue.offer(Ljava/lang/Object;)Z @ 42 c2
Event: 167.227 Thread 0x00000160407b11c0 DEOPT PACKING pc=0x000001602661ffe8 sp=0x00000011a94feae0
Event: 167.228 Thread 0x00000160407b11c0 DEOPT UNPACKING pc=0x0000016025e269a3 sp=0x00000011a94fea90 mode 2
Event: 167.271 Thread 0x00000160407b5ec0 Uncommon trap: trap_request=0xffffff45 fr.pc=0x0000016026ed6da4 relative=0x0000000000005384
Event: 167.272 Thread 0x00000160407b5ec0 Uncommon trap: reason=unstable_if action=reinterpret pc=0x0000016026ed6da4 method=com.android.tools.r8.dex.code.O.a(IILcom/android/tools/r8/dex/code/a;Lcom/android/tools/r8/graph/p5;)Lcom/android/tools/r8/dex/code/B1; @ 1 c2
Event: 167.272 Thread 0x00000160407b5ec0 DEOPT PACKING pc=0x0000016026ed6da4 sp=0x00000011a9bfe790
Event: 167.272 Thread 0x00000160407b5ec0 DEOPT UNPACKING pc=0x0000016025e269a3 sp=0x00000011a9bfe740 mode 2
Event: 167.514 Thread 0x00000160407b1b60 DEOPT PACKING pc=0x000001601fa0eae4 sp=0x00000011aa7feb60
Event: 167.514 Thread 0x00000160407b1b60 DEOPT UNPACKING pc=0x0000016025e27143 sp=0x00000011aa7fe078 mode 0
Event: 167.860 Thread 0x00000160407b0820 DEOPT PACKING pc=0x000001601fa0eae4 sp=0x00000011aa6fec40
Event: 167.860 Thread 0x00000160407b0820 DEOPT UNPACKING pc=0x0000016025e27143 sp=0x00000011aa6fe158 mode 0

Classes unloaded (3 events):
Event: 150.174 Thread 0x0000016035157d30 Unloading class 0x0000000100d00c00 'java/lang/invoke/LambdaForm$DMH+0x0000000100d00c00'
Event: 150.174 Thread 0x0000016035157d30 Unloading class 0x0000000100d00800 'java/lang/invoke/LambdaForm$DMH+0x0000000100d00800'
Event: 150.174 Thread 0x0000016035157d30 Unloading class 0x0000000100d00400 'java/lang/invoke/LambdaForm$DMH+0x0000000100d00400'

Classes redefined (0 events):
No events

Internal exceptions (20 events):
Event: 161.283 Thread 0x000001603eb156e0 Exception <a 'sun/nio/fs/WindowsException'{0x000000008c4f9de0}> (0x000000008c4f9de0) 
thrown [s\src\hotspot\share\prims\jni.cpp, line 517]
Event: 161.283 Thread 0x000001603eb156e0 Exception <a 'sun/nio/fs/WindowsException'{0x000000008c4faca0}> (0x000000008c4faca0) 
thrown [s\src\hotspot\share\prims\jni.cpp, line 517]
Event: 161.283 Thread 0x000001603eb156e0 Exception <a 'sun/nio/fs/WindowsException'{0x000000008c4fad10}> (0x000000008c4fad10) 
thrown [s\src\hotspot\share\prims\jni.cpp, line 517]
Event: 161.283 Thread 0x000001603eb156e0 Exception <a 'sun/nio/fs/WindowsException'{0x000000008c4fb150}> (0x000000008c4fb150) 
thrown [s\src\hotspot\share\prims\jni.cpp, line 517]
Event: 161.284 Thread 0x000001603eb156e0 Exception <a 'sun/nio/fs/WindowsException'{0x000000008c4fcf40}> (0x000000008c4fcf40) 
thrown [s\src\hotspot\share\prims\jni.cpp, line 517]
Event: 161.284 Thread 0x000001603eb156e0 Exception <a 'sun/nio/fs/WindowsException'{0x000000008c4fddd0}> (0x000000008c4fddd0) 
thrown [s\src\hotspot\share\prims\jni.cpp, line 517]
Event: 161.284 Thread 0x000001603eb156e0 Exception <a 'sun/nio/fs/WindowsException'{0x000000008c4fde40}> (0x000000008c4fde40) 
thrown [s\src\hotspot\share\prims\jni.cpp, line 517]
Event: 161.284 Thread 0x000001603eb156e0 Exception <a 'sun/nio/fs/WindowsException'{0x000000008c4fe1f0}> (0x000000008c4fe1f0) 
thrown [s\src\hotspot\share\prims\jni.cpp, line 517]
Event: 161.297 Thread 0x000001603eb156e0 Exception <a 'java/lang/NoSuchMethodError'{0x000000008be67c20}: static Lcom/android/builder/internal/aapt/AaptOptions;.<clinit>()V> (0x000000008be67c20) 
thrown [s\src\hotspot\share\prims\jni.cpp, line 1108]
Event: 161.299 Thread 0x000001603eb156e0 Exception <a 'java/lang/NoSuchMethodError'{0x000000008be7bea0}: static Ljava/lang/Object;.<clinit>()V> (0x000000008be7bea0) 
thrown [s\src\hotspot\share\prims\jni.cpp, line 1108]
Event: 162.279 Thread 0x00000160407b6860 Exception <a 'java/lang/NoSuchMethodError'{0x000000008baef918}: 'void java.lang.invoke.DirectMethodHandle$Holder.invokeStatic(java.lang.Object, long)'> (0x000000008baef918) 
thrown [s\src\hotspot\share\interpreter\linkResolver.cpp, line 771]
Event: 162.281 Thread 0x00000160407b6860 Exception <a 'java/lang/NoSuchMethodError'{0x000000008baf51d0}: 'java.lang.Object java.lang.invoke.DirectMethodHandle$Holder.newInvokeSpecial(java.lang.Object, long)'> (0x000000008baf51d0) 
thrown [s\src\hotspot\share\interpreter\linkResolver.cpp, line 771]
Event: 162.283 Thread 0x00000160407b6860 Exception <a 'java/lang/NoSuchMethodError'{0x000000008bafbe28}: 'java.lang.Object java.lang.invoke.DirectMethodHandle$Holder.invokeStatic(java.lang.Object, java.lang.Object, long, java.lang.Object)'> (0x000000008bafbe28) 
thrown [s\src\hotspot\share\interpreter\linkResolver.cpp, line 771]
Event: 162.284 Thread 0x00000160407b6860 Exception <a 'java/lang/NoSuchMethodError'{0x000000008baff8a8}: 'java.lang.Object java.lang.invoke.DirectMethodHandle$Holder.invokeStaticInit(java.lang.Object, java.lang.Object, long, java.lang.Object)'> (0x000000008baff8a8) 
thrown [s\src\hotspot\share\interpreter\linkResolver.cpp, line 771]
Event: 163.240 Thread 0x000001603eb13060 Exception <a 'java/lang/NoSuchMethodError'{0x000000008b346ef8}: 'java.lang.Object java.lang.invoke.DirectMethodHandle$Holder.invokeStaticInit(java.lang.Object, java.lang.Object, java.lang.Object, java.lang.Object, java.lang.Object, java.lang.Object, java.lang.Object, java.lang.Object, java.lang.Object, java.lang.Object, java.lang.Object, java.lang.Object, java.lang.Object, java.lang.Object, java.lang.Object, java.lang.Object, java.lang.Object, java.lang.Object, java.lang.Object, int, java.lang.Object, java
Event: 165.991 Thread 0x00000160407b11c0 Exception <a 'java/lang/IncompatibleClassChangeError'{0x000000008d954820}: Found class java.lang.Object, but interface was expected> (0x000000008d954820) 
thrown [s\src\hotspot\share\interpreter\linkResolver.cpp, line 838]
Event: 166.424 Thread 0x00000160407b6860 Exception <a 'java/lang/NoSuchMethodError'{0x000000008d8e3b20}: 'int java.lang.invoke.DirectMethodHandle$Holder.invokeSpecialIFC(java.lang.Object, java.lang.Object, java.lang.Object)'> (0x000000008d8e3b20) 
thrown [s\src\hotspot\share\interpreter\linkResolver.cpp, line 771]
Event: 166.429 Thread 0x00000160407b11c0 Exception <a 'java/lang/NoSuchMethodError'{0x000000008d706c18}: 'long java.lang.invoke.DirectMethodHandle$Holder.invokeStatic(java.lang.Object, java.lang.Object, java.lang.Object)'> (0x000000008d706c18) 
thrown [s\src\hotspot\share\interpreter\linkResolver.cpp, line 771]
Event: 166.443 Thread 0x00000160407b5ec0 Exception <a 'java/lang/IncompatibleClassChangeError'{0x000000008d7c9fb8}: Found class java.lang.Object, but interface was expected> (0x000000008d7c9fb8) 
thrown [s\src\hotspot\share\interpreter\linkResolver.cpp, line 838]
Event: 166.443 Thread 0x00000160407b5ec0 Exception <a 'java/lang/IncompatibleClassChangeError'{0x000000008d7e0068}: Found class java.lang.Object, but interface was expected> (0x000000008d7e0068) 
thrown [s\src\hotspot\share\interpreter\linkResolver.cpp, line 838]

VM Operations (20 events):
Event: 163.350 Executing VM operation: Cleanup done
Event: 163.580 Executing VM operation: G1CollectForAllocation
Event: 163.592 Executing VM operation: G1CollectForAllocation done
Event: 164.595 Executing VM operation: Cleanup
Event: 164.596 Executing VM operation: Cleanup done
Event: 165.471 Executing VM operation: G1CollectForAllocation
Event: 165.502 Executing VM operation: G1CollectForAllocation done
Event: 166.938 Executing VM operation: HandshakeAllThreads
Event: 167.114 Executing VM operation: HandshakeAllThreads done
Event: 167.114 Executing VM operation: Cleanup
Event: 167.138 Executing VM operation: Cleanup done
Event: 167.185 Executing VM operation: G1CollectForAllocation
Event: 167.219 Executing VM operation: G1CollectForAllocation done
Event: 167.498 Executing VM operation: HandshakeAllThreads
Event: 167.514 Executing VM operation: HandshakeAllThreads done
Event: 167.535 Executing VM operation: G1CollectForAllocation
Event: 167.566 Executing VM operation: G1CollectForAllocation done
Event: 167.612 Executing VM operation: G1CollectForAllocation
Event: 167.826 Executing VM operation: G1CollectForAllocation done
Event: 167.873 Executing VM operation: G1CollectForAllocation

Events (20 events):
Event: 166.034 loading class java/lang/reflect/GenericSignatureFormatError done
Event: 166.092 Thread 0x00000160407b0820 Thread added: 0x00000160407b0820
Event: 166.198 Thread 0x00000160407b1b60 Thread added: 0x00000160407b1b60
Event: 166.429 loading class java/util/AbstractList$RandomAccessSubList
Event: 166.429 loading class java/util/AbstractList$SubList
Event: 166.430 loading class java/util/AbstractList$SubList done
Event: 166.430 loading class java/util/AbstractList$RandomAccessSubList done
Event: 166.430 loading class java/util/AbstractList$SubList$1
Event: 166.430 loading class java/util/AbstractList$SubList$1 done
Event: 166.678 loading class java/nio/ShortBuffer
Event: 166.679 loading class java/nio/ShortBuffer done
Event: 166.679 loading class java/nio/HeapShortBuffer
Event: 166.679 loading class java/nio/HeapShortBuffer done
Event: 166.890 Thread 0x0000016036290570 Thread added: 0x0000016036290570
Event: 167.102 Thread 0x0000016036290570 Thread exited: 0x0000016036290570
Event: 167.135 Thread 0x000001603515e950 flushing nmethod 0x0000016026a3c990
Event: 167.142 Thread 0x000001603515e950 flushing nmethod 0x000001601ed4dc10
Event: 167.158 Thread 0x000001603515e950 flushing nmethod 0x000001601fd52c90
Event: 167.161 Thread 0x000001603515e950 flushing nmethod 0x00000160201f9590
Event: 167.166 Thread 0x00000160362928e0 Thread added: 0x00000160362928e0


Dynamic libraries:
0x00007ff6b8cf0000 - 0x00007ff6b8cfa000 	C:\Program Files\Android\Android Studio\jbr\bin\java.exe
0x00007ff92abb0000 - 0x00007ff92ada8000 	C:\Windows\SYSTEM32\ntdll.dll
0x00007ff928f10000 - 0x00007ff928fcd000 	C:\Windows\System32\KERNEL32.DLL
0x00007ff928510000 - 0x00007ff928806000 	C:\Windows\System32\KERNELBASE.dll
0x00007ff928890000 - 0x00007ff928990000 	C:\Windows\System32\ucrtbase.dll
0x00007ff922950000 - 0x00007ff922967000 	C:\Program Files\Android\Android Studio\jbr\bin\jli.dll
0x00007ff928c10000 - 0x00007ff928dae000 	C:\Windows\System32\USER32.dll
0x00007ff928320000 - 0x00007ff928342000 	C:\Windows\System32\win32u.dll
0x00007ff92a4e0000 - 0x00007ff92a50c000 	C:\Windows\System32\GDI32.dll
0x00007ff928990000 - 0x00007ff928aaa000 	C:\Windows\System32\gdi32full.dll
0x00007ff922970000 - 0x00007ff92298b000 	C:\Program Files\Android\Android Studio\jbr\bin\VCRUNTIME140.dll
0x00007ff928470000 - 0x00007ff92850d000 	C:\Windows\System32\msvcp_win.dll
0x00007ff917c30000 - 0x00007ff917eca000 	C:\Windows\WinSxS\amd64_microsoft.windows.common-controls_6595b64144ccf1df_6.0.19041.1110_none_60b5254171f9507e\COMCTL32.dll
0x00007ff92a6c0000 - 0x00007ff92a75e000 	C:\Windows\System32\msvcrt.dll
0x00007ff929b70000 - 0x00007ff929ba0000 	C:\Windows\System32\IMM32.DLL
0x00007ff9228b0000 - 0x00007ff9228bc000 	C:\Program Files\Android\Android Studio\jbr\bin\vcruntime140_1.dll
0x00007ff922820000 - 0x00007ff9228ad000 	C:\Program Files\Android\Android Studio\jbr\bin\msvcp140.dll
0x00007ff897730000 - 0x00007ff89839d000 	C:\Program Files\Android\Android Studio\jbr\bin\server\jvm.dll
0x00007ff928e60000 - 0x00007ff928f0e000 	C:\Windows\System32\ADVAPI32.dll
0x00007ff92a510000 - 0x00007ff92a5ac000 	C:\Windows\System32\sechost.dll
0x00007ff92a9e0000 - 0x00007ff92ab06000 	C:\Windows\System32\RPCRT4.dll
0x00007ff8d97d0000 - 0x00007ff8d97d9000 	C:\Windows\SYSTEM32\WSOCK32.dll
0x00007ff929ba0000 - 0x00007ff929c0b000 	C:\Windows\System32\WS2_32.dll
0x00007ff913c60000 - 0x00007ff913c87000 	C:\Windows\SYSTEM32\WINMM.dll
0x00007ff91d610000 - 0x00007ff91d61a000 	C:\Windows\SYSTEM32\VERSION.dll
0x00007ff926120000 - 0x00007ff926132000 	C:\Windows\SYSTEM32\kernel.appcore.dll
0x00007ff91d2b0000 - 0x00007ff91d2ba000 	C:\Program Files\Android\Android Studio\jbr\bin\jimage.dll
0x00007ff914420000 - 0x00007ff914604000 	C:\Windows\SYSTEM32\DBGHELP.DLL
0x00007ff9131e0000 - 0x00007ff913214000 	C:\Windows\SYSTEM32\dbgcore.DLL
0x00007ff928290000 - 0x00007ff928312000 	C:\Windows\System32\bcryptPrimitives.dll
0x00007ff8a09b0000 - 0x00007ff8a09d5000 	C:\Program Files\Android\Android Studio\jbr\bin\java.dll
0x00007ff8c5600000 - 0x00007ff8c5618000 	C:\Program Files\Android\Android Studio\jbr\bin\zip.dll
0x00007ff929c10000 - 0x00007ff92a355000 	C:\Windows\System32\SHELL32.dll
0x00007ff926320000 - 0x00007ff926abb000 	C:\Windows\SYSTEM32\windows.storage.dll
0x00007ff928fd0000 - 0x00007ff929324000 	C:\Windows\System32\combase.dll
0x00007ff927c60000 - 0x00007ff927c8e000 	C:\Windows\SYSTEM32\Wldp.dll
0x00007ff928db0000 - 0x00007ff928e5d000 	C:\Windows\System32\SHCORE.dll
0x00007ff929340000 - 0x00007ff929395000 	C:\Windows\System32\shlwapi.dll
0x00007ff9281c0000 - 0x00007ff9281e5000 	C:\Windows\SYSTEM32\profapi.dll
0x00007ff8be120000 - 0x00007ff8be139000 	C:\Program Files\Android\Android Studio\jbr\bin\net.dll
0x00007ff91d150000 - 0x00007ff91d25a000 	C:\Windows\SYSTEM32\WINHTTP.dll
0x00007ff9279c0000 - 0x00007ff927a2a000 	C:\Windows\system32\mswsock.dll
0x00007ff8bdcd0000 - 0x00007ff8bdce6000 	C:\Program Files\Android\Android Studio\jbr\bin\nio.dll
0x00007ff8a0900000 - 0x00007ff8a0910000 	C:\Program Files\Android\Android Studio\jbr\bin\verify.dll
0x00007ff922ca0000 - 0x00007ff922cc7000 	C:\Users\User\.gradle\native\68d5fa5c4cc2d200863cafc0d521ce42e7d3e7ee720ec0a83991735586a16f82\windows-amd64\native-platform.dll
0x00007ff8c51d0000 - 0x00007ff8c5314000 	C:\Users\User\.gradle\native\e376f236ea51e6404a007f0833ffe2c6e607c4080706a723a18a27aeea778392\windows-amd64\native-platform-file-events.dll
0x00007ff8d3530000 - 0x00007ff8d3539000 	C:\Program Files\Android\Android Studio\jbr\bin\management.dll
0x00007ff8a09a0000 - 0x00007ff8a09ab000 	C:\Program Files\Android\Android Studio\jbr\bin\management_ext.dll
0x00007ff929330000 - 0x00007ff929338000 	C:\Windows\System32\PSAPI.DLL
0x00007ff927bc0000 - 0x00007ff927bd8000 	C:\Windows\SYSTEM32\CRYPTSP.dll
0x00007ff927270000 - 0x00007ff9272a4000 	C:\Windows\system32\rsaenh.dll
0x00007ff928860000 - 0x00007ff928887000 	C:\Windows\System32\bcrypt.dll
0x00007ff928180000 - 0x00007ff9281ae000 	C:\Windows\SYSTEM32\USERENV.dll
0x00007ff927bb0000 - 0x00007ff927bbc000 	C:\Windows\SYSTEM32\CRYPTBASE.dll
0x00007ff927650000 - 0x00007ff92768b000 	C:\Windows\SYSTEM32\IPHLPAPI.DLL
0x00007ff92a920000 - 0x00007ff92a928000 	C:\Windows\System32\NSI.dll
0x00007ff920700000 - 0x00007ff920717000 	C:\Windows\SYSTEM32\dhcpcsvc6.DLL
0x00007ff91f730000 - 0x00007ff91f74d000 	C:\Windows\SYSTEM32\dhcpcsvc.DLL
0x00007ff927690000 - 0x00007ff92775a000 	C:\Windows\SYSTEM32\DNSAPI.dll
0x00007ff8a0880000 - 0x00007ff8a0887000 	C:\Windows\system32\wshunix.dll
0x00007ff8e08e0000 - 0x00007ff8e08f7000 	C:\Windows\system32\napinsp.dll
0x00007ff8e08c0000 - 0x00007ff8e08db000 	C:\Windows\system32\pnrpnsp.dll
0x00007ff8e08a0000 - 0x00007ff8e08b5000 	C:\Windows\system32\wshbth.dll
0x00007ff923af0000 - 0x00007ff923b0d000 	C:\Windows\system32\NLAapi.dll
0x00007ff8e0880000 - 0x00007ff8e0892000 	C:\Windows\System32\winrnr.dll
0x00007ff91a220000 - 0x00007ff91a22a000 	C:\Windows\System32\rasadhlp.dll
0x00007ff919fa0000 - 0x00007ff91a022000 	C:\Windows\System32\fwpuclnt.dll
0x00007ff927390000 - 0x00007ff9273c3000 	C:\Windows\SYSTEM32\ntmarta.dll

dbghelp: loaded successfully - version: 4.0.5 - missing functions: none
symbol engine: initialized successfully - sym options: 0x614 - pdb path: .;C:\Program Files\Android\Android Studio\jbr\bin;C:\Windows\SYSTEM32;C:\Windows\WinSxS\amd64_microsoft.windows.common-controls_6595b64144ccf1df_6.0.19041.1110_none_60b5254171f9507e;C:\Program Files\Android\Android Studio\jbr\bin\server;C:\Users\User\.gradle\native\68d5fa5c4cc2d200863cafc0d521ce42e7d3e7ee720ec0a83991735586a16f82\windows-amd64;C:\Users\User\.gradle\native\e376f236ea51e6404a007f0833ffe2c6e607c4080706a723a18a27aeea778392\windows-amd64

VM Arguments:
jvm_args: --add-opens=java.base/java.util=ALL-UNNAMED --add-opens=java.base/java.lang=ALL-UNNAMED --add-opens=java.base/java.lang.invoke=ALL-UNNAMED --add-opens=java.prefs/java.util.prefs=ALL-UNNAMED --add-opens=java.base/java.nio.charset=ALL-UNNAMED --add-opens=java.base/java.net=ALL-UNNAMED --add-opens=java.base/java.util.concurrent.atomic=ALL-UNNAMED -Xmx2048m -Dfile.encoding=UTF-8 -Duser.country=US -Duser.language=en -Duser.variant 
java_command: org.gradle.launcher.daemon.bootstrap.GradleDaemon 8.0
java_class_path (initial): C:\Users\User\.gradle\wrapper\dists\gradle-8.0-bin\ca5e32bp14vu59qr306oxotwh\gradle-8.0\lib\gradle-launcher-8.0.jar
Launcher Type: SUN_STANDARD

[Global flags]
     intx CICompilerCount                          = 3                                         {product} {ergonomic}
     uint ConcGCThreads                            = 1                                         {product} {ergonomic}
     uint G1ConcRefinementThreads                  = 4                                         {product} {ergonomic}
   size_t G1HeapRegionSize                         = 1048576                                   {product} {ergonomic}
    uintx GCDrainStackTargetSize                   = 64                                        {product} {ergonomic}
   size_t InitialHeapSize                          = 268435456                                 {product} {ergonomic}
   size_t MarkStackSize                            = 4194304                                   {product} {ergonomic}
   size_t MaxHeapSize                              = 2147483648                                {product} {command line}
   size_t MaxNewSize                               = 1287651328                                {product} {ergonomic}
   size_t MinHeapDeltaBytes                        = 1048576                                   {product} {ergonomic}
   size_t MinHeapSize                              = 8388608                                   {product} {ergonomic}
    uintx NonNMethodCodeHeapSize                   = 5832780                                {pd product} {ergonomic}
    uintx NonProfiledCodeHeapSize                  = 122912730                              {pd product} {ergonomic}
    uintx ProfiledCodeHeapSize                     = 122912730                              {pd product} {ergonomic}
    uintx ReservedCodeCacheSize                    = 251658240                              {pd product} {ergonomic}
     bool SegmentedCodeCache                       = true                                      {product} {ergonomic}
   size_t SoftMaxHeapSize                          = 2147483648                             {manageable} {ergonomic}
     bool UseCompressedClassPointers               = true                           {product lp64_product} {ergonomic}
     bool UseCompressedOops                        = true                           {product lp64_product} {ergonomic}
     bool UseG1GC                                  = true                                      {product} {ergonomic}
     bool UseLargePagesIndividualAllocation        = false                                  {pd product} {ergonomic}

Logging:
Log output configuration:
 #0: stdout all=warning uptime,level,tags
 #1: stderr all=off uptime,level,tags

Environment Variables:
JAVA_HOME=C:\Program Files\OpenJDK\jdk-20.0.1
PATH=C:\Program Files\Microsoft\jdk-11.0.18.10-hotspot\bin;C:\Program Files (x86)\IntelSWTools\system_studio_2020\OpenCL\sdk\bin\x64;C:\Program Files (x86)\IntelSWTools\system_studio_2020\OpenCL\sdk\bin\x86;C:\Program Files\Common Files\Oracle\Java\javapath;C:\Program Files\Microsoft MPI\Bin\;C:\Program Files\Python39\Scripts\;C:\Program Files\Python39\;C:\Windows\system32;C:\Windows;C:\Windows\System32\Wbem;C:\Windows\System32\WindowsPowerShell\v1.0\;C:\Windows\System32\OpenSSH\;C:\Program Files\Microsoft SQL Server\130\Tools\Binn\;C:\Program Files\Microsoft SQL Server\Client SDK\ODBC\170\Tools\Binn\;c:\Program Files (x86)\Microsoft SQL Server\110\Tools\Binn\;c:\Program Files\Microsoft SQL Server\110\Tools\Binn\;c:\Program Files\Microsoft SQL Server\110\DTS\Binn\;C:\Program Files (x86)\Microsoft SQL Server\150\Tools\Binn\;C:\Program Files\Microsoft SQL Server\150\Tools\Binn\;C:\Program Files\Microsoft SQL Server\150\DTS\Binn\;C:\Program Files (x86)\Microsoft SQL Server\150\DTS\Binn\;C:\Program Files\Azure Data Studio\bin;C:\Program Files\dotnet\;C:\Program Files\Graphviz\bin;C:\Program Files\Git\cmd;C:\Program Files\Redis\;C:\ProgramData\chocolatey\bin;C:\Program Files\nodejs\;C:\Program Files\OpenJDK\jdk-20.0.1\bin;C:\Program Files\MySQL\MySQL Shell 8.0\bin\;C:\Users\User\anaconda3;C:\Users\User\anaconda3\Library\mingw-w64\bin;C:\Users\User\anaconda3\Library\usr\bin;C:\Users\User\anaconda3\Library\bin;C:\Users\User\anaconda3\Scripts;C:\Users\User\AppData\Local\Microsoft\WindowsApps;C:\Users\User\AppData\Local\Programs\Microsoft VS Code\bin;C:\Program Files\JetBrains\PyCharm Community Edition 2019.3.1\bin;C:\Users\User\.dotnet\tools;C:\Users\User\AppData\Local\GitHubDesktop\bin;C:\Users\User\AppData\Roaming\npm
USERNAME=User
OS=Windows_NT
PROCESSOR_IDENTIFIER=Intel64 Family 6 Model 60 Stepping 3, GenuineIntel
TMP=C:\Users\User\AppData\Local\Temp
TEMP=C:\Users\User\AppData\Local\Temp



---------------  S Y S T E M  ---------------

OS:
 Windows 10 , 64 bit Build 19041 (10.0.19041.3393)
OS uptime: 0 days 3:12 hours

CPU: total 4 (initial active 4) (2 cores per cpu, 2 threads per core) family 6 model 60 stepping 3 microcode 0x27, cx8, cmov, fxsr, ht, mmx, sse, sse2, sse3, ssse3, sse4.1, sse4.2, popcnt, lzcnt, tsc, tscinvbit, avx, avx2, aes, erms, clmul, bmi1, bmi2, fma, vzeroupper, clflush

Memory: 4k page, system-wide physical 16281M (2765M free)
TotalPageFile size 16281M (AvailPageFile size 9M)
current process WorkingSet (physical memory assigned to process): 554M, peak: 556M
current process commit charge ("private bytes"): 609M, peak: 680M

vm_info: OpenJDK 64-Bit Server VM (17.0.6+0-b2043.56-9586694) for windows-amd64 JRE (17.0.6+0-b2043.56-9586694), built on Feb  9 2023 20:06:20 by "androidbuild" with MS VC++ 16.10 / 16.11 (VS2019)

END.
